{"numFailedTestSuites":6,"numFailedTests":16,"numPassedTestSuites":104,"numPassedTests":2017,"numPendingTestSuites":0,"numPendingTests":8,"numRuntimeErrorTestSuites":0,"numTodoTests":0,"numTotalTestSuites":110,"numTotalTests":2041,"openHandles":[],"snapshot":{"added":0,"didUpdate":false,"failure":false,"filesAdded":0,"filesRemoved":0,"filesRemovedList":[],"filesUnmatched":0,"filesUpdated":0,"matched":0,"total":0,"unchecked":0,"uncheckedKeysByFile":[],"unmatched":0,"updated":0},"startTime":1781497918877,"success":false,"testResults":[{"assertionResults":[{"ancestorTitles":["cache — localDate"],"duration":10,"failureDetails":[],"failureMessages":[],"fullName":"cache — localDate 返回 YYYY-MM-DD 格式","invocations":1,"location":null,"numPassingAsserts":2,"retryReasons":[],"status":"passed","title":"返回 YYYY-MM-DD 格式"},{"ancestorTitles":["cache — localDate"],"duration":1,"failureDetails":[],"failureMessages":[],"fullName":"cache — localDate 无参数返回当前日期","invocations":1,"location":null,"numPassingAsserts":1,"retryReasons":[],"status":"passed","title":"无参数返回当前日期"},{"ancestorTitles":["cache — localDate"],"duration":0,"failureDetails":[],"failureMessages":[],"fullName":"cache — localDate 月份和日期补零","invocations":1,"location":null,"numPassingAsserts":1,"retryReasons":[],"status":"passed","title":"月份和日期补零"},{"ancestorTitles":["cache — latestDataDate"],"duration":0,"failureDetails":[],"failureMessages":[],"fullName":"cache — latestDataDate 无 mMap → 返回今天日期","invocations":1,"location":null,"numPassingAsserts":1,"retryReasons":[],"status":"passed","title":"无 mMap → 返回今天日期"},{"ancestorTitles":["cache — invalidate 清除缓存"],"duration":1,"failureDetails":[],"failureMessages":[],"fullName":"cache — invalidate 清除缓存 invalidateDataJson 不抛异常","invocations":1,"location":null,"numPassingAsserts":1,"retryReasons":[],"status":"passed","title":"invalidateDataJson 不抛异常"},{"ancestorTitles":["cache — invalidate 清除缓存"],"duration":0,"failureDetails":[],"failureMessages":[],"fullName":"cache — invalidate 清除缓存 invalidateTrends 不抛异常","invocations":1,"location":null,"numPassingAsserts":1,"retryReasons":[],"status":"passed","title":"invalidateTrends 不抛异常"},{"ancestorTitles":["cache — invalidate 清除缓存"],"duration":0,"failureDetails":[],"failureMessages":[],"fullName":"cache — invalidate 清除缓存 连续调用 invalidateDataJson 不抛异常","invocations":1,"location":null,"numPassingAsserts":1,"retryReasons":[],"status":"passed","title":"连续调用 invalidateDataJson 不抛异常"},{"ancestorTitles":["cache — invalidate 清除缓存"],"duration":0,"failureDetails":[],"failureMessages":[],"fullName":"cache — invalidate 清除缓存 先 invalidate 后读取不抛异常","invocations":1,"location":null,"numPassingAsserts":1,"retryReasons":[],"status":"passed","title":"先 invalidate 后读取不抛异常"},{"ancestorTitles":["cache — 路径常量"],"duration":1,"failureDetails":[],"failureMessages":[],"fullName":"cache — 路径常量 DATA_JSON_PATH 指向 data.json","invocations":1,"location":null,"numPassingAsserts":1,"retryReasons":[],"status":"passed","title":"DATA_JSON_PATH 指向 data.json"},{"ancestorTitles":["cache — 路径常量"],"duration":0,"failureDetails":[],"failureMessages":[],"fullName":"cache — 路径常量 TRENDS_PATH 指向 trends.json","invocations":1,"location":null,"numPassingAsserts":1,"retryReasons":[],"status":"passed","title":"TRENDS_PATH 指向 trends.json"},{"ancestorTitles":["cache — 路径常量"],"duration":1,"failureDetails":[],"failureMessages":[],"fullName":"cache — 路径常量 ODDS_DIR 指向 odds_history","invocations":1,"location":null,"numPassingAsserts":1,"retryReasons":[],"status":"passed","title":"ODDS_DIR 指向 odds_history"},{"ancestorTitles":["cache — 路径常量"],"duration":0,"failureDetails":[],"failureMessages":[],"fullName":"cache — 路径常量 GS_CACHE_PATH 指向 gongshoudao/cache.json","invocations":1,"location":null,"numPassingAsserts":2,"retryReasons":[],"status":"passed","title":"GS_CACHE_PATH 指向 gongshoudao/cache.json"},{"ancestorTitles":["cache — 路径常量"],"duration":1,"failureDetails":[],"failureMessages":[],"fullName":"cache — 路径常量 所有路径是绝对路径或包含 server 目录","invocations":1,"location":null,"numPassingAsserts":8,"retryReasons":[],"status":"passed","title":"所有路径是绝对路径或包含 server 目录"},{"ancestorTitles":["cache — getDataJson 冒烟测试"],"duration":44,"failureDetails":[],"failureMessages":[],"fullName":"cache — getDataJson 冒烟测试 读取不抛异常 (降级到空对象)","invocations":1,"location":null,"numPassingAsserts":3,"retryReasons":[],"status":"passed","title":"读取不抛异常 (降级到空对象)"},{"ancestorTitles":["cache — getDataJson 冒烟测试"],"duration":43,"failureDetails":[],"failureMessages":[],"fullName":"cache — getDataJson 冒烟测试 forceRefresh=true 不抛异常","invocations":1,"location":null,"numPassingAsserts":1,"retryReasons":[],"status":"passed","title":"forceRefresh=true 不抛异常"},{"ancestorTitles":["cache — getTrendsJson 冒烟测试"],"duration":12,"failureDetails":[],"failureMessages":[],"fullName":"cache — getTrendsJson 冒烟测试 读取不抛异常","invocations":1,"location":null,"numPassingAsserts":1,"retryReasons":[],"status":"passed","title":"读取不抛异常"},{"ancestorTitles":["cache — getOddsHistory 冒烟测试"],"duration":1,"failureDetails":[],"failureMessages":[],"fullName":"cache — getOddsHistory 冒烟测试 读取不存在日期 → null (不抛异常)","invocations":1,"location":null,"numPassingAsserts":1,"retryReasons":[],"status":"passed","title":"读取不存在日期 → null (不抛异常)"},{"ancestorTitles":["cache — getGongShouDaoCache 冒烟测试"],"duration":533,"failureDetails":[],"failureMessages":[],"fullName":"cache — getGongShouDaoCache 冒烟测试 读取不抛异常","invocations":1,"location":null,"numPassingAsserts":1,"retryReasons":[],"status":"passed","title":"读取不抛异常"},{"ancestorTitles":["cache — Phase 1 getOddsHistory SQLite 回退"],"duration":1,"failureDetails":[],"failureMessages":[],"fullName":"cache — Phase 1 getOddsHistory SQLite 回退 getOddsHistory 日期降级最多 7 天","invocations":1,"location":null,"numPassingAsserts":1,"retryReasons":[],"status":"passed","title":"getOddsHistory 日期降级最多 7 天"},{"ancestorTitles":["cache — Phase 1 getOddsHistory SQLite 回退"],"duration":1,"failureDetails":[],"failureMessages":[],"fullName":"cache — Phase 1 getOddsHistory SQLite 回退 getNearestOddsDate 空日期返回 null","invocations":1,"location":null,"numPassingAsserts":2,"retryReasons":[],"status":"passed","title":"getNearestOddsDate 空日期返回 null"},{"ancestorTitles":["cache — Phase 1 getOddsHistory SQLite 回退"],"duration":0,"failureDetails":[],"failureMessages":[],"fullName":"cache — Phase 1 getOddsHistory SQLite 回退 getOddsHistory 不存在的日期不抛异常","invocations":1,"location":null,"numPassingAsserts":1,"retryReasons":[],"status":"passed","title":"getOddsHistory 不存在的日期不抛异常"},{"ancestorTitles":["cache — Phase 1 odds 三层回退设计"],"duration":1,"failureDetails":[],"failureMessages":[],"fullName":"cache — Phase 1 odds 三层回退设计 回退顺序: allplays.json → odds_history_v2 SQLite → odds_history JSON","invocations":1,"location":null,"numPassingAsserts":1,"retryReasons":[],"status":"passed","title":"回退顺序: allplays.json → odds_history_v2 SQLite → odds_history JSON"},{"ancestorTitles":["cache — Phase 1 odds 三层回退设计"],"duration":0,"failureDetails":[],"failureMessages":[],"fullName":"cache — Phase 1 odds 三层回退设计 JSON 回退空时应用 SQLite 兜底","invocations":1,"location":null,"numPassingAsserts":1,"retryReasons":[],"status":"passed","title":"JSON 回退空时应用 SQLite 兜底"},{"ancestorTitles":["cache — Phase 1 odds 三层回退设计"],"duration":1,"failureDetails":[],"failureMessages":[],"fullName":"cache — Phase 1 odds 三层回退设计 SQLite 回退查询应包含 play_type=spf/rqspf/halfFull/totalGoals/scores","invocations":1,"location":null,"numPassingAsserts":6,"retryReasons":[],"status":"passed","title":"SQLite 回退查询应包含 play_type=spf/rqspf/halfFull/totalGoals/scores"}],"endTime":1781497921622,"message":"","name":"E:\\JC-ZJFA\\server\\tests\\cache.test.js","startTime":1781497919303,"status":"passed","summary":""},{"assertionResults":[{"ancestorTitles":["plan-generator — qualifyMatch 比分方案筛选"],"duration":11,"failureDetails":[],"failureMessages":[],"fullName":"plan-generator — qualifyMatch 比分方案筛选 无gs数据 → 返回 false","invocations":1,"location":null,"numPassingAsserts":2,"retryReasons":[],"status":"passed","title":"无gs数据 → 返回 false"},{"ancestorTitles":["plan-generator — qualifyMatch 比分方案筛选"],"duration":0,"failureDetails":[],"failureMessages":[],"fullName":"plan-generator — qualifyMatch 比分方案筛选 fusionConsensus=meltdown → 返回 false","invocations":1,"location":null,"numPassingAsserts":1,"retryReasons":[],"status":"passed","title":"fusionConsensus=meltdown → 返回 false"},{"ancestorTitles":["plan-generator — qualifyMatch 比分方案筛选"],"duration":0,"failureDetails":[],"failureMessages":[],"fullName":"plan-generator — qualifyMatch 比分方案筛选 大球率不足 → 返回 false","invocations":1,"location":null,"numPassingAsserts":1,"retryReasons":[],"status":"passed","title":"大球率不足 → 返回 false"},{"ancestorTitles":["plan-generator — qualifyMatch 比分方案筛选"],"duration":1,"failureDetails":[],"failureMessages":[],"fullName":"plan-generator — qualifyMatch 比分方案筛选 攻防符号相同 → 返回 false","invocations":1,"location":null,"numPassingAsserts":1,"retryReasons":[],"status":"passed","title":"攻防符号相同 → 返回 false"},{"ancestorTitles":["plan-generator — qualifyMatch 比分方案筛选"],"duration":3,"failureDetails":[],"failureMessages":[],"fullName":"plan-generator — qualifyMatch 比分方案筛选 攻防符号相反(attRaw*defRaw<=0) → 返回 false","invocations":1,"location":null,"numPassingAsserts":1,"retryReasons":[],"status":"passed","title":"攻防符号相反(attRaw*defRaw<=0) → 返回 false"},{"ancestorTitles":["plan-generator — qualifyMatch 比分方案筛选"],"duration":1,"failureDetails":[],"failureMessages":[],"fullName":"plan-generator — qualifyMatch 比分方案筛选 攻防强度不足 → 返回 false","invocations":1,"location":null,"numPassingAsserts":1,"retryReasons":[],"status":"passed","title":"攻防强度不足 → 返回 false"},{"ancestorTitles":["plan-generator — qualifyMatch 比分方案筛选"],"duration":1,"failureDetails":[],"failureMessages":[],"fullName":"plan-generator — qualifyMatch 比分方案筛选 xg差不足0.6 → 返回 false","invocations":1,"location":null,"numPassingAsserts":1,"retryReasons":[],"status":"passed","title":"xg差不足0.6 → 返回 false"},{"ancestorTitles":["plan-generator — qualifyMatch 比分方案筛选"],"duration":0,"failureDetails":[],"failureMessages":[],"fullName":"plan-generator — qualifyMatch 比分方案筛选 weak共识 + stability<55 → 返回 false","invocations":1,"location":null,"numPassingAsserts":1,"retryReasons":[],"status":"passed","title":"weak共识 + stability<55 → 返回 false"},{"ancestorTitles":["plan-generator — qualifyMatch 比分方案筛选"],"duration":0,"failureDetails":[],"failureMessages":[],"fullName":"plan-generator — qualifyMatch 比分方案筛选 弱侧xg>1.5 → 返回 false","invocations":1,"location":null,"numPassingAsserts":1,"retryReasons":[],"status":"passed","title":"弱侧xg>1.5 → 返回 false"},{"ancestorTitles":["plan-generator — qualifyMatch 比分方案筛选"],"duration":2,"failureDetails":[],"failureMessages":[],"fullName":"plan-generator — qualifyMatch 比分方案筛选 正常强一致数据 → 通过筛选","invocations":1,"location":null,"numPassingAsserts":8,"retryReasons":[],"status":"passed","title":"正常强一致数据 → 通过筛选"},{"ancestorTitles":["plan-generator — qualifyMatch 比分方案筛选"],"duration":0,"failureDetails":[],"failureMessages":[],"fullName":"plan-generator — qualifyMatch 比分方案筛选 客队优势 → strongIsHome=false","invocations":1,"location":null,"numPassingAsserts":0,"retryReasons":[],"status":"passed","title":"客队优势 → strongIsHome=false"},{"ancestorTitles":["plan-generator — buildScorePercentMap"],"duration":0,"failureDetails":[],"failureMessages":[],"fullName":"plan-generator — buildScorePercentMap 正常scores → 构建映射","invocations":1,"location":null,"numPassingAsserts":1,"retryReasons":[],"status":"passed","title":"正常scores → 构建映射"},{"ancestorTitles":["plan-generator — buildScorePercentMap"],"duration":1,"failureDetails":[],"failureMessages":[],"fullName":"plan-generator — buildScorePercentMap 空scores → 返回 null","invocations":1,"location":null,"numPassingAsserts":2,"retryReasons":[],"status":"passed","title":"空scores → 返回 null"},{"ancestorTitles":["plan-generator — buildScorePercentMap"],"duration":0,"failureDetails":[],"failureMessages":[],"fullName":"plan-generator — buildScorePercentMap null gs → 返回 null","invocations":1,"location":null,"numPassingAsserts":1,"retryReasons":[],"status":"passed","title":"null gs → 返回 null"},{"ancestorTitles":["plan-generator — dutchCombinations 荷兰式组合"],"duration":2,"failureDetails":[],"failureMessages":[],"fullName":"plan-generator — dutchCombinations 荷兰式组合 返回2~4个比分的组合","invocations":1,"location":null,"numPassingAsserts":16,"retryReasons":[],"status":"passed","title":"返回2~4个比分的组合"},{"ancestorTitles":["plan-generator — dutchCombinations 荷兰式组合"],"duration":14,"failureDetails":[],"failureMessages":[],"fullName":"plan-generator — dutchCombinations 荷兰式组合 每个组合有 scores/baseExpectedReturn/comboLength/coverage","invocations":1,"location":null,"numPassingAsserts":128,"retryReasons":[],"status":"passed","title":"每个组合有 scores/baseExpectedReturn/comboLength/coverage"},{"ancestorTitles":["plan-generator — dutchCombinations 荷兰式组合"],"duration":0,"failureDetails":[],"failureMessages":[],"fullName":"plan-generator — dutchCombinations 荷兰式组合 prefer 3组合","invocations":1,"location":null,"numPassingAsserts":0,"retryReasons":[],"status":"passed","title":"prefer 3组合"},{"ancestorTitles":["plan-generator — dutchCombinations 荷兰式组合"],"duration":1,"failureDetails":[],"failureMessages":[],"fullName":"plan-generator — dutchCombinations 荷兰式组合 不足2个candidates → 返回空","invocations":1,"location":null,"numPassingAsserts":1,"retryReasons":[],"status":"passed","title":"不足2个candidates → 返回空"},{"ancestorTitles":["plan-generator — dutchCombinations 荷兰式组合"],"duration":0,"failureDetails":[],"failureMessages":[],"fullName":"plan-generator — dutchCombinations 荷兰式组合 空oddsMap → 返回空","invocations":1,"location":null,"numPassingAsserts":1,"retryReasons":[],"status":"passed","title":"空oddsMap → 返回空"},{"ancestorTitles":["plan-generator — computeScoreQuality 质量评分"],"duration":0,"failureDetails":[],"failureMessages":[],"fullName":"plan-generator — computeScoreQuality 质量评分 返回 0~100 分数","invocations":1,"location":null,"numPassingAsserts":2,"retryReasons":[],"status":"passed","title":"返回 0~100 分数"},{"ancestorTitles":["plan-generator — computeScoreQuality 质量评分"],"duration":0,"failureDetails":[],"failureMessages":[],"fullName":"plan-generator — computeScoreQuality 质量评分 strong 共识得分高于 weak","invocations":1,"location":null,"numPassingAsserts":1,"retryReasons":[],"status":"passed","title":"strong 共识得分高于 weak"},{"ancestorTitles":["plan-generator — computeScoreQuality 质量评分"],"duration":0,"failureDetails":[],"failureMessages":[],"fullName":"plan-generator — computeScoreQuality 质量评分 大球率越高分数越高","invocations":1,"location":null,"numPassingAsserts":1,"retryReasons":[],"status":"passed","title":"大球率越高分数越高"},{"ancestorTitles":["plan-generator — computeScoreQuality 质量评分"],"duration":1,"failureDetails":[],"failureMessages":[],"fullName":"plan-generator — computeScoreQuality 质量评分 xg差越大分数越高","invocations":1,"location":null,"numPassingAsserts":1,"retryReasons":[],"status":"passed","title":"xg差越大分数越高"},{"ancestorTitles":["plan-generator — computeScoreQuality 质量评分"],"duration":0,"failureDetails":[],"failureMessages":[],"fullName":"plan-generator — computeScoreQuality 质量评分 联赛场均进球>2.85 → 额外加分","invocations":1,"location":null,"numPassingAsserts":1,"retryReasons":[],"status":"passed","title":"联赛场均进球>2.85 → 额外加分"},{"ancestorTitles":["plan-generator — getMatchOdds"],"duration":1030,"failureDetails":[],"failureMessages":[],"fullName":"plan-generator — getMatchOdds 按 num 匹配","invocations":1,"location":null,"numPassingAsserts":1,"retryReasons":[],"status":"passed","title":"按 num 匹配"},{"ancestorTitles":["plan-generator — getMatchOdds"],"duration":7,"failureDetails":[],"failureMessages":[],"fullName":"plan-generator — getMatchOdds 按 num_X 匹配(allplays)","invocations":1,"location":null,"numPassingAsserts":1,"retryReasons":[],"status":"passed","title":"按 num_X 匹配(allplays)"},{"ancestorTitles":["plan-generator — getMatchOdds"],"duration":9,"failureDetails":[],"failureMessages":[],"fullName":"plan-generator — getMatchOdds 按 matchId 匹配","invocations":1,"location":null,"numPassingAsserts":1,"retryReasons":[],"status":"passed","title":"按 matchId 匹配"},{"ancestorTitles":["plan-generator — getMatchOdds"],"duration":9,"failureDetails":[],"failureMessages":[],"fullName":"plan-generator — getMatchOdds 无匹配 → null","invocations":1,"location":null,"numPassingAsserts":1,"retryReasons":[],"status":"passed","title":"无匹配 → null"},{"ancestorTitles":["plan-generator — getColdDirection 冷门方向"],"duration":1,"failureDetails":[],"failureMessages":[],"fullName":"plan-generator — getColdDirection 冷门方向 返回方向对象含 dir/odds/signal/finalScore","invocations":1,"location":null,"numPassingAsserts":4,"retryReasons":[],"status":"passed","title":"返回方向对象含 dir/odds/signal/finalScore"},{"ancestorTitles":["plan-generator — getColdDirection 冷门方向"],"duration":1,"failureDetails":[],"failureMessages":[],"fullName":"plan-generator — getColdDirection 冷门方向 均衡实力+弱共识 → 平局方向信号增强","invocations":1,"location":null,"numPassingAsserts":1,"retryReasons":[],"status":"passed","title":"均衡实力+弱共识 → 平局方向信号增强"},{"ancestorTitles":["plan-generator — getColdDirection 冷门方向"],"duration":0,"failureDetails":[],"failureMessages":[],"fullName":"plan-generator — getColdDirection 冷门方向 熔断共识 → 信号轻微增强","invocations":1,"location":null,"numPassingAsserts":1,"retryReasons":[],"status":"passed","title":"熔断共识 → 信号轻微增强"},{"ancestorTitles":["plan-generator — computeColdScore 冷门评分"],"duration":0,"failureDetails":[],"failureMessages":[],"fullName":"plan-generator — computeColdScore 冷门评分 返回 0~100 分数","invocations":1,"location":null,"numPassingAsserts":2,"retryReasons":[],"status":"passed","title":"返回 0~100 分数"},{"ancestorTitles":["plan-generator — computeColdScore 冷门评分"],"duration":1,"failureDetails":[],"failureMessages":[],"fullName":"plan-generator — computeColdScore 冷门评分 实力均衡 → 高分","invocations":1,"location":null,"numPassingAsserts":1,"retryReasons":[],"status":"passed","title":"实力均衡 → 高分"},{"ancestorTitles":["plan-generator — computeColdScore 冷门评分"],"duration":0,"failureDetails":[],"failureMessages":[],"fullName":"plan-generator — computeColdScore 冷门评分 weak共识比strong共识得分高","invocations":1,"location":null,"numPassingAsserts":1,"retryReasons":[],"status":"passed","title":"weak共识比strong共识得分高"},{"ancestorTitles":["plan-generator — computeColdScore 冷门评分"],"duration":0,"failureDetails":[],"failureMessages":[],"fullName":"plan-generator — computeColdScore 冷门评分 heatIndex 低于 0.85 → 更高冷门评分","invocations":1,"location":null,"numPassingAsserts":1,"retryReasons":[],"status":"passed","title":"heatIndex 低于 0.85 → 更高冷门评分"},{"ancestorTitles":["plan-generator — parseKickoffTime"],"duration":1,"failureDetails":[],"failureMessages":[],"fullName":"plan-generator — parseKickoffTime 正常ISO时间 → 返回时间戳","invocations":1,"location":null,"numPassingAsserts":2,"retryReasons":[],"status":"passed","title":"正常ISO时间 → 返回时间戳"},{"ancestorTitles":["plan-generator — parseKickoffTime"],"duration":0,"failureDetails":[],"failureMessages":[],"fullName":"plan-generator — parseKickoffTime null/空 → 返回 null","invocations":1,"location":null,"numPassingAsserts":2,"retryReasons":[],"status":"passed","title":"null/空 → 返回 null"},{"ancestorTitles":["plan-generator — parseKickoffTime"],"duration":1,"failureDetails":[],"failureMessages":[],"fullName":"plan-generator — parseKickoffTime 无效时间 → 返回 null","invocations":1,"location":null,"numPassingAsserts":1,"retryReasons":[],"status":"passed","title":"无效时间 → 返回 null"},{"ancestorTitles":["plan-generator — checkCorrelation 组合相关性"],"duration":0,"failureDetails":[],"failureMessages":[],"fullName":"plan-generator — checkCorrelation 组合相关性 完全不同 → low 风险","invocations":1,"location":null,"numPassingAsserts":2,"retryReasons":[],"status":"passed","title":"完全不同 → low 风险"},{"ancestorTitles":["plan-generator — checkCorrelation 组合相关性"],"duration":1,"failureDetails":[],"failureMessages":[],"fullName":"plan-generator — checkCorrelation 组合相关性 同联赛 → medium","invocations":1,"location":null,"numPassingAsserts":2,"retryReasons":[],"status":"passed","title":"同联赛 → medium"},{"ancestorTitles":["plan-generator — checkCorrelation 组合相关性"],"duration":0,"failureDetails":[],"failureMessages":[],"fullName":"plan-generator — checkCorrelation 组合相关性 时间接近(<90min) → medium","invocations":1,"location":null,"numPassingAsserts":2,"retryReasons":[],"status":"passed","title":"时间接近(<90min) → medium"},{"ancestorTitles":["plan-generator — checkCorrelation 组合相关性"],"duration":0,"failureDetails":[],"failureMessages":[],"fullName":"plan-generator — checkCorrelation 组合相关性 同球队 → medium","invocations":1,"location":null,"numPassingAsserts":2,"retryReasons":[],"status":"passed","title":"同球队 → medium"},{"ancestorTitles":["plan-generator — checkCorrelation 组合相关性"],"duration":0,"failureDetails":[],"failureMessages":[],"fullName":"plan-generator — checkCorrelation 组合相关性 同联赛+时间接近 → high","invocations":1,"location":null,"numPassingAsserts":1,"retryReasons":[],"status":"passed","title":"同联赛+时间接近 → high"},{"ancestorTitles":["plan-generator — checkMatchResult 单场结果判定"],"duration":0,"failureDetails":[],"failureMessages":[],"fullName":"plan-generator — checkMatchResult 单场结果判定 精确匹配方向 → 返回结果","invocations":1,"location":null,"numPassingAsserts":2,"retryReasons":[],"status":"passed","title":"精确匹配方向 → 返回结果"},{"ancestorTitles":["plan-generator — checkMatchResult 单场结果判定"],"duration":0,"failureDetails":[],"failureMessages":[],"fullName":"plan-generator — checkMatchResult 单场结果判定 方向失败 → isLose=true","invocations":1,"location":null,"numPassingAsserts":2,"retryReasons":[],"status":"passed","title":"方向失败 → isLose=true"},{"ancestorTitles":["plan-generator — checkMatchResult 单场结果判定"],"duration":1,"failureDetails":[],"failureMessages":[],"fullName":"plan-generator — checkMatchResult 单场结果判定 result=null(未知) → isWon/isLose 均为 null","invocations":1,"location":null,"numPassingAsserts":2,"retryReasons":[],"status":"passed","title":"result=null(未知) → isWon/isLose 均为 null"},{"ancestorTitles":["plan-generator — checkMatchResult 单场结果判定"],"duration":0,"failureDetails":[],"failureMessages":[],"fullName":"plan-generator — checkMatchResult 单场结果判定 双选方向 → 任一命中即可","invocations":1,"location":null,"numPassingAsserts":1,"retryReasons":[],"status":"passed","title":"双选方向 → 任一命中即可"},{"ancestorTitles":["plan-generator — checkMatchResult 单场结果判定"],"duration":0,"failureDetails":[],"failureMessages":[],"fullName":"plan-generator — checkMatchResult 单场结果判定 无匹配 → null","invocations":1,"location":null,"numPassingAsserts":2,"retryReasons":[],"status":"passed","title":"无匹配 → null"}],"endTime":1781497922038,"message":"","name":"E:\\JC-ZJFA\\server\\tests\\plan-generator.test.js","startTime":1781497919279,"status":"passed","summary":""},{"assertionResults":[{"ancestorTitles":["pk_scorer — computeAllScores 完整评分"],"duration":2,"failureDetails":[],"failureMessages":[],"fullName":"pk_scorer — computeAllScores 完整评分 返回与输入相同的数组长度","invocations":1,"location":null,"numPassingAsserts":1,"retryReasons":[],"status":"passed","title":"返回与输入相同的数组长度"},{"ancestorTitles":["pk_scorer — computeAllScores 完整评分"],"duration":0,"failureDetails":[],"failureMessages":[],"fullName":"pk_scorer — computeAllScores 完整评分 每个元素包含所有评分维度","invocations":1,"location":null,"numPassingAsserts":10,"retryReasons":[],"status":"passed","title":"每个元素包含所有评分维度"},{"ancestorTitles":["pk_scorer — computeAllScores 完整评分"],"duration":1,"failureDetails":[],"failureMessages":[],"fullName":"pk_scorer — computeAllScores 完整评分 M2: computeAllScores 保持评分输出，不直接依赖外部信号","invocations":1,"location":null,"numPassingAsserts":2,"retryReasons":[],"status":"passed","title":"M2: computeAllScores 保持评分输出，不直接依赖外部信号"},{"ancestorTitles":["pk_scorer — computeAllScores 完整评分"],"duration":0,"failureDetails":[],"failureMessages":[],"fullName":"pk_scorer — computeAllScores 完整评分 评分在 0~100 范围内","invocations":1,"location":null,"numPassingAsserts":24,"retryReasons":[],"status":"passed","title":"评分在 0~100 范围内"},{"ancestorTitles":["pk_scorer — computeAllScores 完整评分"],"duration":0,"failureDetails":[],"failureMessages":[],"fullName":"pk_scorer — computeAllScores 完整评分 strong 共识 → healthScore=100","invocations":1,"location":null,"numPassingAsserts":1,"retryReasons":[],"status":"passed","title":"strong 共识 → healthScore=100"},{"ancestorTitles":["pk_scorer — computeAllScores 完整评分"],"duration":0,"failureDetails":[],"failureMessages":[],"fullName":"pk_scorer — computeAllScores 完整评分 weak 共识 → healthScore=70","invocations":1,"location":null,"numPassingAsserts":1,"retryReasons":[],"status":"passed","title":"weak 共识 → healthScore=70"},{"ancestorTitles":["pk_scorer — computeAllScores 完整评分"],"duration":0,"failureDetails":[],"failureMessages":[],"fullName":"pk_scorer — computeAllScores 完整评分 meltdown → healthScore=20 (V2.0 降级保留最低基础分)","invocations":1,"location":null,"numPassingAsserts":1,"retryReasons":[],"status":"passed","title":"meltdown → healthScore=20 (V2.0 降级保留最低基础分)"},{"ancestorTitles":["pk_scorer — computeAllScores 完整评分"],"duration":0,"failureDetails":[],"failureMessages":[],"fullName":"pk_scorer — computeAllScores 完整评分 stars = Math.round(compositeScore / 20)","invocations":1,"location":null,"numPassingAsserts":1,"retryReasons":[],"status":"passed","title":"stars = Math.round(compositeScore / 20)"},{"ancestorTitles":["pk_scorer — computeAllScores 完整评分"],"duration":0,"failureDetails":[],"failureMessages":[],"fullName":"pk_scorer — computeAllScores 完整评分 多个项目 → 不同 compositeScore","invocations":1,"location":null,"numPassingAsserts":1,"retryReasons":[],"status":"passed","title":"多个项目 → 不同 compositeScore"},{"ancestorTitles":["pk_scorer — computeAllScores 完整评分"],"duration":1,"failureDetails":[],"failureMessages":[],"fullName":"pk_scorer — computeAllScores 完整评分 强队 → 高 powerScore","invocations":1,"location":null,"numPassingAsserts":1,"retryReasons":[],"status":"passed","title":"强队 → 高 powerScore"},{"ancestorTitles":["pk_scorer — computeAllScores 完整评分"],"duration":0,"failureDetails":[],"failureMessages":[],"fullName":"pk_scorer — computeAllScores 完整评分 dataAge>120 → compositeScore 扣减","invocations":1,"location":null,"numPassingAsserts":1,"retryReasons":[],"status":"passed","title":"dataAge>120 → compositeScore 扣减"},{"ancestorTitles":["pk_scorer — computeAllScores 完整评分"],"duration":0,"failureDetails":[],"failureMessages":[],"fullName":"pk_scorer — computeAllScores 完整评分 verificationDetails 数组非空","invocations":1,"location":null,"numPassingAsserts":1,"retryReasons":[],"status":"passed","title":"verificationDetails 数组非空"},{"ancestorTitles":["pk_scorer — computeAllScores 完整评分"],"duration":0,"failureDetails":[],"failureMessages":[],"fullName":"pk_scorer — computeAllScores 完整评分 ★ V9.1: discreteWarning 不影响评分 (mock返回none)","invocations":1,"location":null,"numPassingAsserts":1,"retryReasons":[],"status":"passed","title":"★ V9.1: discreteWarning 不影响评分 (mock返回none)"},{"ancestorTitles":["pk_scorer — computeAllScores 完整评分"],"duration":0,"failureDetails":[],"failureMessages":[],"fullName":"pk_scorer — computeAllScores 完整评分 ★ V9.1: openHomeAward/openAwayAward 触发盘口位移分析","invocations":1,"location":null,"numPassingAsserts":1,"retryReasons":[],"status":"passed","title":"★ V9.1: openHomeAward/openAwayAward 触发盘口位移分析"},{"ancestorTitles":["pk_scorer — getDirectionAdvice 方向推荐"],"duration":1,"failureDetails":[],"failureMessages":[],"fullName":"pk_scorer — getDirectionAdvice 方向推荐 meltdown 无明确方向 → 观望/避开 (V2.0)","invocations":1,"location":null,"numPassingAsserts":2,"retryReasons":[],"status":"passed","title":"meltdown 无明确方向 → 观望/避开 (V2.0)"},{"ancestorTitles":["pk_scorer — getDirectionAdvice 方向推荐"],"duration":0,"failureDetails":[],"failureMessages":[],"fullName":"pk_scorer — getDirectionAdvice 方向推荐 meltdown 有明确方向 → 2星参考 (V2.0 降级)","invocations":1,"location":null,"numPassingAsserts":3,"retryReasons":[],"status":"passed","title":"meltdown 有明确方向 → 2星参考 (V2.0 降级)"},{"ancestorTitles":["pk_scorer — getDirectionAdvice 方向推荐"],"duration":1,"failureDetails":[],"failureMessages":[],"fullName":"pk_scorer — getDirectionAdvice 方向推荐 绝对主胜优势 (pw≥0.25, hi<1.4)","invocations":1,"location":null,"numPassingAsserts":2,"retryReasons":[],"status":"passed","title":"绝对主胜优势 (pw≥0.25, hi<1.4)"},{"ancestorTitles":["pk_scorer — getDirectionAdvice 方向推荐"],"duration":0,"failureDetails":[],"failureMessages":[],"fullName":"pk_scorer — getDirectionAdvice 方向推荐 绝对客胜优势 (pw≤-0.25, hi<1.4)","invocations":1,"location":null,"numPassingAsserts":2,"retryReasons":[],"status":"passed","title":"绝对客胜优势 (pw≤-0.25, hi<1.4)"},{"ancestorTitles":["pk_scorer — getDirectionAdvice 方向推荐"],"duration":1,"failureDetails":[],"failureMessages":[],"fullName":"pk_scorer — getDirectionAdvice 方向推荐 过热预警 (pw≥0.08, hi≥1.4)","invocations":1,"location":null,"numPassingAsserts":2,"retryReasons":[],"status":"passed","title":"过热预警 (pw≥0.08, hi≥1.4)"},{"ancestorTitles":["pk_scorer — getDirectionAdvice 方向推荐"],"duration":0,"failureDetails":[],"failureMessages":[],"fullName":"pk_scorer — getDirectionAdvice 方向推荐 实力均衡 → 双选","invocations":1,"location":null,"numPassingAsserts":1,"retryReasons":[],"status":"passed","title":"实力均衡 → 双选"},{"ancestorTitles":["pk_scorer — getDirectionAdvice 方向推荐"],"duration":0,"failureDetails":[],"failureMessages":[],"fullName":"pk_scorer — getDirectionAdvice 方向推荐 返回 goalDir 和 goalStars","invocations":1,"location":null,"numPassingAsserts":2,"retryReasons":[],"status":"passed","title":"返回 goalDir 和 goalStars"},{"ancestorTitles":["pk_scorer — getDirectionAdvice 方向推荐"],"duration":1,"failureDetails":[],"failureMessages":[],"fullName":"pk_scorer — getDirectionAdvice 方向推荐 M2: 输出 PK 裁判标准字段","invocations":1,"location":null,"numPassingAsserts":9,"retryReasons":[],"status":"passed","title":"M2: 输出 PK 裁判标准字段"},{"ancestorTitles":["pk_scorer — getDirectionAdvice 方向推荐"],"duration":0,"failureDetails":[],"failureMessages":[],"fullName":"pk_scorer — getDirectionAdvice 方向推荐 M2: meltdown 强制产生风险与降级原因","invocations":1,"location":null,"numPassingAsserts":5,"retryReasons":[],"status":"passed","title":"M2: meltdown 强制产生风险与降级原因"},{"ancestorTitles":["pk_scorer — getDirectionAdvice 方向推荐"],"duration":1,"failureDetails":[],"failureMessages":[],"fullName":"pk_scorer — getDirectionAdvice 方向推荐 M2: 负期望不得保持主推","invocations":1,"location":null,"numPassingAsserts":4,"retryReasons":[],"status":"passed","title":"M2: 负期望不得保持主推"},{"ancestorTitles":["pk_scorer — getDirectionAdvice 方向推荐"],"duration":0,"failureDetails":[],"failureMessages":[],"fullName":"pk_scorer — getDirectionAdvice 方向推荐 hcpDir 基于 crossHcpWin/CrossHcpLose","invocations":1,"location":null,"numPassingAsserts":1,"retryReasons":[],"status":"passed","title":"hcpDir 基于 crossHcpWin/CrossHcpLose"},{"ancestorTitles":["pk_scorer — getDirectionAdvice 方向推荐"],"duration":1,"failureDetails":[],"failureMessages":[],"fullName":"pk_scorer — getDirectionAdvice 方向推荐 V2.0 EV: 有赔率时输出 ev 字段","invocations":1,"location":null,"numPassingAsserts":5,"retryReasons":[],"status":"passed","title":"V2.0 EV: 有赔率时输出 ev 字段"},{"ancestorTitles":["pk_scorer — getDirectionAdvice 方向推荐"],"duration":0,"failureDetails":[],"failureMessages":[],"fullName":"pk_scorer — getDirectionAdvice 方向推荐 V2.0 EV: 无赔率时 ev 为 null","invocations":1,"location":null,"numPassingAsserts":2,"retryReasons":[],"status":"passed","title":"V2.0 EV: 无赔率时 ev 为 null"},{"ancestorTitles":["pk_scorer — getDirectionAdvice 方向推荐"],"duration":0,"failureDetails":[],"failureMessages":[],"fullName":"pk_scorer — getDirectionAdvice 方向推荐 V2.0 EV: 负期望值价值标签","invocations":1,"location":null,"numPassingAsserts":1,"retryReasons":[],"status":"passed","title":"V2.0 EV: 负期望值价值标签"},{"ancestorTitles":["pk_scorer — getDirectionAdvice 方向推荐"],"duration":1,"failureDetails":[],"failureMessages":[],"fullName":"pk_scorer — getDirectionAdvice 方向推荐 V2.0 heatZ: 英超 HI=1.6 触发过热 (阈值 1.52)","invocations":1,"location":null,"numPassingAsserts":1,"retryReasons":[],"status":"passed","title":"V2.0 heatZ: 英超 HI=1.6 触发过热 (阈值 1.52)"}],"endTime":1781497922071,"message":"","name":"E:\\JC-ZJFA\\server\\tests\\pk_scorer.test.js","startTime":1781497921632,"status":"passed","summary":""},{"assertionResults":[{"ancestorTitles":["P0: atomic-write — 文件系统原子写入","1. 正常流程"],"duration":3,"failureDetails":[],"failureMessages":[],"fullName":"P0: atomic-write — 文件系统原子写入 1. 正常流程 1.1 .tmp→rename 原子流程","invocations":1,"location":null,"numPassingAsserts":4,"retryReasons":[],"status":"passed","title":"1.1 .tmp→rename 原子流程"},{"ancestorTitles":["P0: atomic-write — 文件系统原子写入","1. 正常流程"],"duration":8,"failureDetails":[],"failureMessages":[],"fullName":"P0: atomic-write — 文件系统原子写入 1. 正常流程 1.2 多次写入不残留 .tmp","invocations":1,"location":null,"numPassingAsserts":11,"retryReasons":[],"status":"passed","title":"1.2 多次写入不残留 .tmp"},{"ancestorTitles":["P0: atomic-write — 文件系统原子写入","1. 正常流程"],"duration":2,"failureDetails":[],"failureMessages":[],"fullName":"P0: atomic-write — 文件系统原子写入 1. 正常流程 1.3 覆盖已有文件","invocations":1,"location":null,"numPassingAsserts":2,"retryReasons":[],"status":"passed","title":"1.3 覆盖已有文件"},{"ancestorTitles":["P0: atomic-write — 文件系统原子写入","2. 异常场景"],"duration":2,"failureDetails":[],"failureMessages":[],"fullName":"P0: atomic-write — 文件系统原子写入 2. 异常场景 2.1 .tmp 孤儿文件清理（启动前存在残留）.tmp","invocations":1,"location":null,"numPassingAsserts":4,"retryReasons":[],"status":"passed","title":"2.1 .tmp 孤儿文件清理（启动前存在残留）.tmp"},{"ancestorTitles":["P0: atomic-write — 文件系统原子写入","2. 异常场景"],"duration":3,"failureDetails":[],"failureMessages":[],"fullName":"P0: atomic-write — 文件系统原子写入 2. 异常场景 2.2 写入 .tmp 后写入不完整的回退","invocations":1,"location":null,"numPassingAsserts":5,"retryReasons":[],"status":"passed","title":"2.2 写入 .tmp 后写入不完整的回退"},{"ancestorTitles":["P0: atomic-write — 文件系统原子写入","2. 异常场景"],"duration":1,"failureDetails":[],"failureMessages":[],"fullName":"P0: atomic-write — 文件系统原子写入 2. 异常场景 2.3 磁盘满模拟：写入后 rename 失败","invocations":1,"location":null,"numPassingAsserts":2,"retryReasons":[],"status":"passed","title":"2.3 磁盘满模拟：写入后 rename 失败"},{"ancestorTitles":["P0: atomic-write — 文件系统原子写入","2. 异常场景"],"duration":1,"failureDetails":[],"failureMessages":[],"fullName":"P0: atomic-write — 文件系统原子写入 2. 异常场景 2.4 atomicSaveWithCatch 异常后清理 .tmp","invocations":1,"location":null,"numPassingAsserts":2,"retryReasons":[],"status":"passed","title":"2.4 atomicSaveWithCatch 异常后清理 .tmp"},{"ancestorTitles":["P0: atomic-write — 文件系统原子写入","3. 字节校验"],"duration":2,"failureDetails":[],"failureMessages":[],"fullName":"P0: atomic-write — 文件系统原子写入 3. 字节校验 3.1 完全匹配","invocations":1,"location":null,"numPassingAsserts":2,"retryReasons":[],"status":"passed","title":"3.1 完全匹配"},{"ancestorTitles":["P0: atomic-write — 文件系统原子写入","3. 字节校验"],"duration":1,"failureDetails":[],"failureMessages":[],"fullName":"P0: atomic-write — 文件系统原子写入 3. 字节校验 3.2 0 字节文件","invocations":1,"location":null,"numPassingAsserts":1,"retryReasons":[],"status":"passed","title":"3.2 0 字节文件"},{"ancestorTitles":["P0: atomic-write — 文件系统原子写入","3. 字节校验"],"duration":1,"failureDetails":[],"failureMessages":[],"fullName":"P0: atomic-write — 文件系统原子写入 3. 字节校验 3.3 JSON 特殊字符","invocations":1,"location":null,"numPassingAsserts":1,"retryReasons":[],"status":"passed","title":"3.3 JSON 特殊字符"},{"ancestorTitles":["P0: atomic-write — 文件系统原子写入","4. 大文件"],"duration":15,"failureDetails":[],"failureMessages":[],"fullName":"P0: atomic-write — 文件系统原子写入 4. 大文件 4.1 10MB 文件原子写入","invocations":1,"location":null,"numPassingAsserts":4,"retryReasons":[],"status":"passed","title":"4.1 10MB 文件原子写入"},{"ancestorTitles":["P0: atomic-write — 文件系统原子写入","4. 大文件"],"duration":3,"failureDetails":[],"failureMessages":[],"fullName":"P0: atomic-write — 文件系统原子写入 4. 大文件 4.2 data.json 典型大小模拟 (~5MB)","invocations":1,"location":null,"numPassingAsserts":2,"retryReasons":[],"status":"passed","title":"4.2 data.json 典型大小模拟 (~5MB)"},{"ancestorTitles":["P0: atomic-write — 文件系统原子写入","5. 并发写入防护"],"duration":39,"failureDetails":[],"failureMessages":[],"fullName":"P0: atomic-write — 文件系统原子写入 5. 并发写入防护 5.1 同步串行写入不丢失数据","invocations":1,"location":null,"numPassingAsserts":1,"retryReasons":[],"status":"passed","title":"5.1 同步串行写入不丢失数据"},{"ancestorTitles":["P0: atomic-write — 文件系统原子写入","5. 并发写入防护"],"duration":24,"failureDetails":[],"failureMessages":[],"fullName":"P0: atomic-write — 文件系统原子写入 5. 并发写入防护 5.2 快速连续写入无损坏","invocations":1,"location":null,"numPassingAsserts":2,"retryReasons":[],"status":"passed","title":"5.2 快速连续写入无损坏"},{"ancestorTitles":["P0: atomic-write — 文件系统原子写入","6. SQLite 持久化"],"duration":33,"failureDetails":[],"failureMessages":[],"fullName":"P0: atomic-write — 文件系统原子写入 6. SQLite 持久化 6.1 SQLite 文件持久化验证（:memory: → 文件导出）","invocations":1,"location":null,"numPassingAsserts":3,"retryReasons":[],"status":"passed","title":"6.1 SQLite 文件持久化验证（:memory: → 文件导出）"}],"endTime":1781497922222,"message":"","name":"E:\\JC-ZJFA\\server\\tests\\atomic-write.test.js","startTime":1781497922043,"status":"passed","summary":""},{"assertionResults":[{"ancestorTitles":["API Action Route Logic","action dispatch — known actions"],"duration":0,"failureDetails":[],"failureMessages":[],"fullName":"API Action Route Logic action dispatch — known actions action \"income-stats\" 应为已知路由","invocations":1,"location":null,"numPassingAsserts":1,"retryReasons":[],"status":"passed","title":"action \"income-stats\" 应为已知路由"},{"ancestorTitles":["API Action Route Logic","action dispatch — known actions"],"duration":0,"failureDetails":[],"failureMessages":[],"fullName":"API Action Route Logic action dispatch — known actions action \"income-rank\" 应为已知路由","invocations":1,"location":null,"numPassingAsserts":1,"retryReasons":[],"status":"passed","title":"action \"income-rank\" 应为已知路由"},{"ancestorTitles":["API Action Route Logic","action dispatch — known actions"],"duration":0,"failureDetails":[],"failureMessages":[],"fullName":"API Action Route Logic action dispatch — known actions action \"filter-stats\" 应为已知路由","invocations":1,"location":null,"numPassingAsserts":1,"retryReasons":[],"status":"passed","title":"action \"filter-stats\" 应为已知路由"},{"ancestorTitles":["API Action Route Logic","action dispatch — known actions"],"duration":0,"failureDetails":[],"failureMessages":[],"fullName":"API Action Route Logic action dispatch — known actions action \"filter-leagues\" 应为已知路由","invocations":1,"location":null,"numPassingAsserts":1,"retryReasons":[],"status":"passed","title":"action \"filter-leagues\" 应为已知路由"},{"ancestorTitles":["API Action Route Logic","action dispatch — known actions"],"duration":0,"failureDetails":[],"failureMessages":[],"fullName":"API Action Route Logic action dispatch — known actions action \"hit-rate\" 应为已知路由","invocations":1,"location":null,"numPassingAsserts":1,"retryReasons":[],"status":"passed","title":"action \"hit-rate\" 应为已知路由"},{"ancestorTitles":["API Action Route Logic","action dispatch — known actions"],"duration":0,"failureDetails":[],"failureMessages":[],"fullName":"API Action Route Logic action dispatch — known actions action \"match-list\" 应为已知路由","invocations":1,"location":null,"numPassingAsserts":1,"retryReasons":[],"status":"passed","title":"action \"match-list\" 应为已知路由"},{"ancestorTitles":["API Action Route Logic","action dispatch — known actions"],"duration":0,"failureDetails":[],"failureMessages":[],"fullName":"API Action Route Logic action dispatch — known actions action \"match-detail\" 应为已知路由","invocations":1,"location":null,"numPassingAsserts":1,"retryReasons":[],"status":"passed","title":"action \"match-detail\" 应为已知路由"},{"ancestorTitles":["API Action Route Logic","action dispatch — known actions"],"duration":0,"failureDetails":[],"failureMessages":[],"fullName":"API Action Route Logic action dispatch — known actions action \"recommend-trend\" 应为已知路由","invocations":1,"location":null,"numPassingAsserts":1,"retryReasons":[],"status":"passed","title":"action \"recommend-trend\" 应为已知路由"},{"ancestorTitles":["API Action Route Logic","action dispatch — known actions"],"duration":0,"failureDetails":[],"failureMessages":[],"fullName":"API Action Route Logic action dispatch — known actions action \"score-plan-list\" 应为已知路由","invocations":1,"location":null,"numPassingAsserts":1,"retryReasons":[],"status":"passed","title":"action \"score-plan-list\" 应为已知路由"},{"ancestorTitles":["API Action Route Logic","action dispatch — known actions"],"duration":1,"failureDetails":[],"failureMessages":[],"fullName":"API Action Route Logic action dispatch — known actions action \"quant-plan-list\" 应为已知路由","invocations":1,"location":null,"numPassingAsserts":1,"retryReasons":[],"status":"passed","title":"action \"quant-plan-list\" 应为已知路由"},{"ancestorTitles":["API Action Route Logic","action dispatch — known actions"],"duration":0,"failureDetails":[],"failureMessages":[],"fullName":"API Action Route Logic action dispatch — known actions action \"prediction-backtest\" 应为已知路由","invocations":1,"location":null,"numPassingAsserts":1,"retryReasons":[],"status":"passed","title":"action \"prediction-backtest\" 应为已知路由"},{"ancestorTitles":["API Action Route Logic","action dispatch — known actions"],"duration":0,"failureDetails":[],"failureMessages":[],"fullName":"API Action Route Logic action dispatch — known actions action \"gongshoudao-all\" 应为已知路由","invocations":1,"location":null,"numPassingAsserts":1,"retryReasons":[],"status":"passed","title":"action \"gongshoudao-all\" 应为已知路由"},{"ancestorTitles":["API Action Route Logic","action dispatch — known actions"],"duration":0,"failureDetails":[],"failureMessages":[],"fullName":"API Action Route Logic action dispatch — known actions action \"gongshoudao-compute\" 应为已知路由","invocations":1,"location":null,"numPassingAsserts":1,"retryReasons":[],"status":"passed","title":"action \"gongshoudao-compute\" 应为已知路由"},{"ancestorTitles":["API Action Route Logic","action dispatch — known actions"],"duration":0,"failureDetails":[],"failureMessages":[],"fullName":"API Action Route Logic action dispatch — known actions action \"gongshoudao-single\" 应为已知路由","invocations":1,"location":null,"numPassingAsserts":1,"retryReasons":[],"status":"passed","title":"action \"gongshoudao-single\" 应为已知路由"},{"ancestorTitles":["API Action Route Logic","API 响应格式规范"],"duration":1,"failureDetails":[],"failureMessages":[],"fullName":"API Action Route Logic API 响应格式规范 成功响应应包含 code:1","invocations":1,"location":null,"numPassingAsserts":1,"retryReasons":[],"status":"passed","title":"成功响应应包含 code:1"},{"ancestorTitles":["API Action Route Logic","API 响应格式规范"],"duration":0,"failureDetails":[],"failureMessages":[],"fullName":"API Action Route Logic API 响应格式规范 失败响应应包含 code:0 和 message","invocations":1,"location":null,"numPassingAsserts":2,"retryReasons":[],"status":"passed","title":"失败响应应包含 code:0 和 message"},{"ancestorTitles":["API Action Route Logic","API 响应格式规范"],"duration":1,"failureDetails":[],"failureMessages":[],"fullName":"API Action Route Logic API 响应格式规范 未知 action 应返回 code:0","invocations":1,"location":null,"numPassingAsserts":1,"retryReasons":[],"status":"passed","title":"未知 action 应返回 code:0"},{"ancestorTitles":["API Action Route Logic","参数验证规则"],"duration":1,"failureDetails":[],"failureMessages":[],"fullName":"API Action Route Logic 参数验证规则 date 格式应为 YYYY-MM-DD","invocations":1,"location":null,"numPassingAsserts":2,"retryReasons":[],"status":"passed","title":"date 格式应为 YYYY-MM-DD"},{"ancestorTitles":["API Action Route Logic","参数验证规则"],"duration":0,"failureDetails":[],"failureMessages":[],"fullName":"API Action Route Logic 参数验证规则 matchId 应为非空字符串","invocations":1,"location":null,"numPassingAsserts":3,"retryReasons":[],"status":"passed","title":"matchId 应为非空字符串"},{"ancestorTitles":["API Action Route Logic","参数验证规则"],"duration":0,"failureDetails":[],"failureMessages":[],"fullName":"API Action Route Logic 参数验证规则 page 应为正整数","invocations":1,"location":null,"numPassingAsserts":2,"retryReasons":[],"status":"passed","title":"page 应为正整数"},{"ancestorTitles":["API Action Route Logic","参数验证规则"],"duration":0,"failureDetails":[],"failureMessages":[],"fullName":"API Action Route Logic 参数验证规则 pageSize 应有上限","invocations":1,"location":null,"numPassingAsserts":2,"retryReasons":[],"status":"passed","title":"pageSize 应有上限"},{"ancestorTitles":["API Action Route Logic","quant-plan-list action"],"duration":1,"failureDetails":[],"failureMessages":[],"fullName":"API Action Route Logic quant-plan-list action plan-generator 应导出核心函数","invocations":1,"location":null,"numPassingAsserts":4,"retryReasons":[],"status":"passed","title":"plan-generator 应导出核心函数"},{"ancestorTitles":["API Action Route Logic","quant-plan-list action"],"duration":1,"failureDetails":[],"failureMessages":[],"fullName":"API Action Route Logic quant-plan-list action 量化方案应包含 isMatchWon/isMatchLose 字段","invocations":1,"location":null,"numPassingAsserts":2,"retryReasons":[],"status":"passed","title":"量化方案应包含 isMatchWon/isMatchLose 字段"},{"ancestorTitles":["API Action Route Logic","prediction-backtest action"],"duration":15,"failureDetails":[],"failureMessages":[],"fullName":"API Action Route Logic prediction-backtest action prediction_log 应导出 queryBacktest","invocations":1,"location":null,"numPassingAsserts":1,"retryReasons":[],"status":"passed","title":"prediction_log 应导出 queryBacktest"},{"ancestorTitles":["API Action Route Logic","prediction-backtest action"],"duration":0,"failureDetails":[],"failureMessages":[],"fullName":"API Action Route Logic prediction-backtest action 应支持 type 参数(spf/overunder/score)","invocations":1,"location":null,"numPassingAsserts":4,"retryReasons":[],"status":"passed","title":"应支持 type 参数(spf/overunder/score)"},{"ancestorTitles":["API Action Route Logic","gongshoudao-related actions"],"duration":32,"failureDetails":[],"failureMessages":[],"fullName":"API Action Route Logic gongshoudao-related actions gongshoudao index 应导出 refreshCache 和 computeAll","invocations":1,"location":null,"numPassingAsserts":3,"retryReasons":[],"status":"passed","title":"gongshoudao index 应导出 refreshCache 和 computeAll"},{"ancestorTitles":["API Action Route Logic","match-detail action"],"duration":0,"failureDetails":[],"failureMessages":[],"fullName":"API Action Route Logic match-detail action match-detail 应需要 matchId 参数","invocations":1,"location":null,"numPassingAsserts":2,"retryReasons":[],"status":"passed","title":"match-detail 应需要 matchId 参数"}],"endTime":1781497922335,"message":"","name":"E:\\JC-ZJFA\\server\\tests\\index_api.test.js","startTime":1781497922232,"status":"passed","summary":""},{"assertionResults":[{"ancestorTitles":["prediction_log","模块导出完整性"],"duration":33,"failureDetails":[],"failureMessages":[],"fullName":"prediction_log 模块导出完整性 应导出所有 API 函数","invocations":1,"location":null,"numPassingAsserts":10,"retryReasons":[],"status":"passed","title":"应导出所有 API 函数"},{"ancestorTitles":["prediction_log","模块导出完整性"],"duration":3,"failureDetails":[],"failureMessages":[],"fullName":"prediction_log 模块导出完整性 mock 数据库就绪后 isReady 返回 true","invocations":1,"location":null,"numPassingAsserts":1,"retryReasons":[],"status":"passed","title":"mock 数据库就绪后 isReady 返回 true"},{"ancestorTitles":["prediction_log","模块导出完整性"],"duration":3,"failureDetails":[],"failureMessages":[],"fullName":"prediction_log 模块导出完整性 DB 不可用时 isReady 应在异步初始化完成前返回 false","invocations":1,"location":null,"numPassingAsserts":1,"retryReasons":[],"status":"passed","title":"DB 不可用时 isReady 应在异步初始化完成前返回 false"},{"ancestorTitles":["prediction_log","模块导出完整性"],"duration":2,"failureDetails":[],"failureMessages":[],"fullName":"prediction_log 模块导出完整性 isReady 检查所有条件（DB+BizReady+Adapter）","invocations":1,"location":null,"numPassingAsserts":1,"retryReasons":[],"status":"passed","title":"isReady 检查所有条件（DB+BizReady+Adapter）"},{"ancestorTitles":["prediction_log","函数签名验证 — DB 未就绪时安全返回"],"duration":2,"failureDetails":[],"failureMessages":[],"fullName":"prediction_log 函数签名验证 — DB 未就绪时安全返回 upsert 无 matchId 时应安全返回","invocations":1,"location":null,"numPassingAsserts":2,"retryReasons":[],"status":"passed","title":"upsert 无 matchId 时应安全返回"},{"ancestorTitles":["prediction_log","函数签名验证 — DB 未就绪时安全返回"],"duration":2,"failureDetails":[],"failureMessages":[],"fullName":"prediction_log 函数签名验证 — DB 未就绪时安全返回 upsertAI 不 crash","invocations":1,"location":null,"numPassingAsserts":1,"retryReasons":[],"status":"passed","title":"upsertAI 不 crash"},{"ancestorTitles":["prediction_log","函数签名验证 — DB 未就绪时安全返回"],"duration":3,"failureDetails":[],"failureMessages":[],"fullName":"prediction_log 函数签名验证 — DB 未就绪时安全返回 upsertPK 支持客胜/平方向","invocations":1,"location":null,"numPassingAsserts":1,"retryReasons":[],"status":"passed","title":"upsertPK 支持客胜/平方向"},{"ancestorTitles":["prediction_log","函数签名验证 — DB 未就绪时安全返回"],"duration":3,"failureDetails":[],"failureMessages":[],"fullName":"prediction_log 函数签名验证 — DB 未就绪时安全返回 upsertGS 不 crash","invocations":1,"location":null,"numPassingAsserts":1,"retryReasons":[],"status":"passed","title":"upsertGS 不 crash"},{"ancestorTitles":["prediction_log","函数签名验证 — DB 未就绪时安全返回"],"duration":2,"failureDetails":[],"failureMessages":[],"fullName":"prediction_log 函数签名验证 — DB 未就绪时安全返回 backfillResult 不 crash","invocations":1,"location":null,"numPassingAsserts":1,"retryReasons":[],"status":"passed","title":"backfillResult 不 crash"},{"ancestorTitles":["prediction_log","函数签名验证 — DB 未就绪时安全返回"],"duration":1,"failureDetails":[],"failureMessages":[],"fullName":"prediction_log 函数签名验证 — DB 未就绪时安全返回 getLeagues 返回数组","invocations":1,"location":null,"numPassingAsserts":1,"retryReasons":[],"status":"passed","title":"getLeagues 返回数组"},{"ancestorTitles":["prediction_log","函数签名验证 — DB 未就绪时安全返回"],"duration":2,"failureDetails":[],"failureMessages":[],"fullName":"prediction_log 函数签名验证 — DB 未就绪时安全返回 getTotalCount 返回数字","invocations":1,"location":null,"numPassingAsserts":1,"retryReasons":[],"status":"passed","title":"getTotalCount 返回数字"},{"ancestorTitles":["prediction_log","queryBacktest — DB 未就绪时安全返回"],"duration":2,"failureDetails":[],"failureMessages":[],"fullName":"prediction_log queryBacktest — DB 未就绪时安全返回 应返回空结果不 crash","invocations":1,"location":null,"numPassingAsserts":2,"retryReasons":[],"status":"passed","title":"应返回空结果不 crash"},{"ancestorTitles":["prediction_log","queryBacktest — DB 未就绪时安全返回"],"duration":3,"failureDetails":[],"failureMessages":[],"fullName":"prediction_log queryBacktest — DB 未就绪时安全返回 所有筛选参数组合不 crash","invocations":1,"location":null,"numPassingAsserts":1,"retryReasons":[],"status":"passed","title":"所有筛选参数组合不 crash"},{"ancestorTitles":["prediction_log","queryBacktest — DB 未就绪时安全返回"],"duration":1,"failureDetails":[],"failureMessages":[],"fullName":"prediction_log queryBacktest — DB 未就绪时安全返回 stats 字段存在时值在合法范围 (V9 三层结构)","invocations":1,"location":null,"numPassingAsserts":7,"retryReasons":[],"status":"passed","title":"stats 字段存在时值在合法范围 (V9 三层结构)"}],"endTime":1781497922435,"message":"","name":"E:\\JC-ZJFA\\server\\tests\\prediction_log.test.js","startTime":1781497922338,"status":"passed","summary":""},{"assertionResults":[{"ancestorTitles":["data_sync","atomicWrite"],"duration":2,"failureDetails":[],"failureMessages":[],"fullName":"data_sync atomicWrite 应先写入 .tmp 再 rename 到目标文件","invocations":1,"location":null,"numPassingAsserts":2,"retryReasons":[],"status":"passed","title":"应先写入 .tmp 再 rename 到目标文件"},{"ancestorTitles":["data_sync","atomicWrite"],"duration":0,"failureDetails":[],"failureMessages":[],"fullName":"data_sync atomicWrite 应保持数据完整性","invocations":1,"location":null,"numPassingAsserts":2,"retryReasons":[],"status":"passed","title":"应保持数据完整性"},{"ancestorTitles":["data_sync","fmtLocal"],"duration":0,"failureDetails":[],"failureMessages":[],"fullName":"data_sync fmtLocal 日期格式应为 YYYY-MM-DD","invocations":1,"location":null,"numPassingAsserts":1,"retryReasons":[],"status":"passed","title":"日期格式应为 YYYY-MM-DD"},{"ancestorTitles":["data_sync","fmtLocal"],"duration":1,"failureDetails":[],"failureMessages":[],"fullName":"data_sync fmtLocal 单数字月日应补零","invocations":1,"location":null,"numPassingAsserts":2,"retryReasons":[],"status":"passed","title":"单数字月日应补零"},{"ancestorTitles":["data_sync","data.json 重载检测"],"duration":0,"failureDetails":[],"failureMessages":[],"fullName":"data_sync data.json 重载检测 mtimeMs 变化时应触发重载","invocations":1,"location":null,"numPassingAsserts":1,"retryReasons":[],"status":"passed","title":"mtimeMs 变化时应触发重载"},{"ancestorTitles":["data_sync","data.json 重载检测"],"duration":0,"failureDetails":[],"failureMessages":[],"fullName":"data_sync data.json 重载检测 mtimeMs 未变化时不应重载","invocations":1,"location":null,"numPassingAsserts":1,"retryReasons":[],"status":"passed","title":"mtimeMs 未变化时不应重载"},{"ancestorTitles":["data_sync","backfillResults — prediction_logs 同步"],"duration":8,"failureDetails":[],"failureMessages":[],"fullName":"data_sync backfillResults — prediction_logs 同步 应回填赛果到 prediction_logs 表","invocations":1,"location":null,"numPassingAsserts":1,"retryReasons":[],"status":"passed","title":"应回填赛果到 prediction_logs 表"},{"ancestorTitles":["data_sync","backfillResults — prediction_logs 同步"],"duration":1,"failureDetails":[],"failureMessages":[],"fullName":"data_sync backfillResults — prediction_logs 同步 backfillResult 应处理完整的比分字段","invocations":1,"location":null,"numPassingAsserts":5,"retryReasons":[],"status":"passed","title":"backfillResult 应处理完整的比分字段"},{"ancestorTitles":["data_sync","backfillResults — prediction_logs 同步"],"duration":0,"failureDetails":[],"failureMessages":[],"fullName":"data_sync backfillResults — prediction_logs 同步 应设置 actual_corrected_at 时间戳","invocations":1,"location":null,"numPassingAsserts":1,"retryReasons":[],"status":"passed","title":"应设置 actual_corrected_at 时间戳"},{"ancestorTitles":["data_sync","backfillResults — prediction_logs 同步"],"duration":0,"failureDetails":[],"failureMessages":[],"fullName":"data_sync backfillResults — prediction_logs 同步 retryQueue 重试队列结构","invocations":1,"location":null,"numPassingAsserts":3,"retryReasons":[],"status":"passed","title":"retryQueue 重试队列结构"},{"ancestorTitles":["data_sync","文件保护 — PROTECTED_FILES"],"duration":0,"failureDetails":[],"failureMessages":[],"fullName":"data_sync 文件保护 — PROTECTED_FILES data.json 应在受保护列表中","invocations":1,"location":null,"numPassingAsserts":2,"retryReasons":[],"status":"passed","title":"data.json 应在受保护列表中"},{"ancestorTitles":["data_sync","midou 反封策略 — jitter"],"duration":9,"failureDetails":[],"failureMessages":[],"fullName":"data_sync midou 反封策略 — jitter jitter 应在范围内","invocations":1,"location":null,"numPassingAsserts":200,"retryReasons":[],"status":"passed","title":"jitter 应在范围内"}],"endTime":1781497922497,"message":"","name":"E:\\JC-ZJFA\\server\\tests\\data_sync.test.js","startTime":1781497922437,"status":"passed","summary":""},{"assertionResults":[{"ancestorTitles":["scheduler_v2 分支覆盖"],"duration":6,"failureDetails":[],"failureMessages":[],"fullName":"scheduler_v2 分支覆盖 acquireLock 在其他实例持有未过期锁时返回 false","invocations":1,"location":null,"numPassingAsserts":1,"retryReasons":[],"status":"passed","title":"acquireLock 在其他实例持有未过期锁时返回 false"},{"ancestorTitles":["scheduler_v2 分支覆盖"],"duration":4,"failureDetails":[],"failureMessages":[],"fullName":"scheduler_v2 分支覆盖 acquireLock / renewLock / releaseLock 能完整维护当前实例锁","invocations":1,"location":null,"numPassingAsserts":5,"retryReasons":[],"status":"passed","title":"acquireLock / renewLock / releaseLock 能完整维护当前实例锁"},{"ancestorTitles":["scheduler_v2 分支覆盖"],"duration":9,"failureDetails":[],"failureMessages":[],"fullName":"scheduler_v2 分支覆盖 executeTask 失败时会进入重试队列","invocations":1,"location":null,"numPassingAsserts":3,"retryReasons":[],"status":"passed","title":"executeTask 失败时会进入重试队列"},{"ancestorTitles":["scheduler_v2 分支覆盖"],"duration":1,"failureDetails":[],"failureMessages":[],"fullName":"scheduler_v2 分支覆盖 连续失败达到退避阈值时 executeTask 不执行任务而改为延迟入队","invocations":1,"location":null,"numPassingAsserts":4,"retryReasons":[],"status":"passed","title":"连续失败达到退避阈值时 executeTask 不执行任务而改为延迟入队"},{"ancestorTitles":["scheduler_v2 分支覆盖"],"duration":2,"failureDetails":[],"failureMessages":[],"fullName":"scheduler_v2 分支覆盖 连续失败达到熔断阈值后会打开熔断器并告警","invocations":1,"location":null,"numPassingAsserts":4,"retryReasons":[],"status":"passed","title":"连续失败达到熔断阈值后会打开熔断器并告警"},{"ancestorTitles":["scheduler_v2 分支覆盖"],"duration":1,"failureDetails":[],"failureMessages":[],"fullName":"scheduler_v2 分支覆盖 processQueue 会执行到期任务并清空原队列项","invocations":1,"location":null,"numPassingAsserts":3,"retryReasons":[],"status":"passed","title":"processQueue 会执行到期任务并清空原队列项"}],"endTime":1781497922557,"message":"","name":"E:\\JC-ZJFA\\server\\tests\\scheduler_v2.branches.test.js","startTime":1781497922500,"status":"passed","summary":""},{"assertionResults":[{"ancestorTitles":["P0: database-adapter-real — 实际数据库操作","1. DDL 建表"],"duration":2,"failureDetails":[],"failureMessages":[],"fullName":"P0: database-adapter-real — 实际数据库操作 1. DDL 建表 1.1 核心4表正常创建","invocations":1,"location":null,"numPassingAsserts":4,"retryReasons":[],"status":"passed","title":"1.1 核心4表正常创建"},{"ancestorTitles":["P0: database-adapter-real — 实际数据库操作","1. DDL 建表"],"duration":2,"failureDetails":[],"failureMessages":[],"fullName":"P0: database-adapter-real — 实际数据库操作 1. DDL 建表 1.2 蓝图新增10张表正常创建","invocations":1,"location":null,"numPassingAsserts":10,"retryReasons":[],"status":"passed","title":"1.2 蓝图新增10张表正常创建"},{"ancestorTitles":["P0: database-adapter-real — 实际数据库操作","1. DDL 建表"],"duration":1,"failureDetails":[],"failureMessages":[],"fullName":"P0: database-adapter-real — 实际数据库操作 1. DDL 建表 1.3 索引正常创建","invocations":1,"location":null,"numPassingAsserts":7,"retryReasons":[],"status":"passed","title":"1.3 索引正常创建"},{"ancestorTitles":["P0: database-adapter-real — 实际数据库操作","2. CRUD 操作"],"duration":1,"failureDetails":[],"failureMessages":[],"fullName":"P0: database-adapter-real — 实际数据库操作 2. CRUD 操作 2.1 INSERT 写入比赛记录","invocations":1,"location":null,"numPassingAsserts":5,"retryReasons":[],"status":"passed","title":"2.1 INSERT 写入比赛记录"},{"ancestorTitles":["P0: database-adapter-real — 实际数据库操作","2. CRUD 操作"],"duration":0,"failureDetails":[],"failureMessages":[],"fullName":"P0: database-adapter-real — 实际数据库操作 2. CRUD 操作 2.2 INSERT OR REPLACE 覆盖写入","invocations":1,"location":null,"numPassingAsserts":3,"retryReasons":[],"status":"passed","title":"2.2 INSERT OR REPLACE 覆盖写入"},{"ancestorTitles":["P0: database-adapter-real — 实际数据库操作","2. CRUD 操作"],"duration":1,"failureDetails":[],"failureMessages":[],"fullName":"P0: database-adapter-real — 实际数据库操作 2. CRUD 操作 2.3 UPDATE 更新比分","invocations":1,"location":null,"numPassingAsserts":2,"retryReasons":[],"status":"passed","title":"2.3 UPDATE 更新比分"},{"ancestorTitles":["P0: database-adapter-real — 实际数据库操作","2. CRUD 操作"],"duration":0,"failureDetails":[],"failureMessages":[],"fullName":"P0: database-adapter-real — 实际数据库操作 2. CRUD 操作 2.4 DELETE 删除记录","invocations":1,"location":null,"numPassingAsserts":2,"retryReasons":[],"status":"passed","title":"2.4 DELETE 删除记录"},{"ancestorTitles":["P0: database-adapter-real — 实际数据库操作","2. CRUD 操作"],"duration":1,"failureDetails":[],"failureMessages":[],"fullName":"P0: database-adapter-real — 实际数据库操作 2. CRUD 操作 2.5 按日期查询","invocations":1,"location":null,"numPassingAsserts":2,"retryReasons":[],"status":"passed","title":"2.5 按日期查询"},{"ancestorTitles":["P0: database-adapter-real — 实际数据库操作","2. CRUD 操作"],"duration":0,"failureDetails":[],"failureMessages":[],"fullName":"P0: database-adapter-real — 实际数据库操作 2. CRUD 操作 2.6 唯一约束冲突","invocations":1,"location":null,"numPassingAsserts":1,"retryReasons":[],"status":"passed","title":"2.6 唯一约束冲突"},{"ancestorTitles":["P0: database-adapter-real — 实际数据库操作","3. 蓝图表完整数据流"],"duration":1,"failureDetails":[],"failureMessages":[],"fullName":"P0: database-adapter-real — 实际数据库操作 3. 蓝图表完整数据流 3.1 prediction_logs 完整 CRUD","invocations":1,"location":null,"numPassingAsserts":4,"retryReasons":[],"status":"passed","title":"3.1 prediction_logs 完整 CRUD"},{"ancestorTitles":["P0: database-adapter-real — 实际数据库操作","3. 蓝图表完整数据流"],"duration":1,"failureDetails":[],"failureMessages":[],"fullName":"P0: database-adapter-real — 实际数据库操作 3. 蓝图表完整数据流 3.2 unified_predictions + prediction_outcomes 流入","invocations":1,"location":null,"numPassingAsserts":4,"retryReasons":[],"status":"passed","title":"3.2 unified_predictions + prediction_outcomes 流入"},{"ancestorTitles":["P0: database-adapter-real — 实际数据库操作","3. 蓝图表完整数据流"],"duration":0,"failureDetails":[],"failureMessages":[],"fullName":"P0: database-adapter-real — 实际数据库操作 3. 蓝图表完整数据流 3.3 prediction_outcomes 唯一约束去重","invocations":1,"location":null,"numPassingAsserts":1,"retryReasons":[],"status":"passed","title":"3.3 prediction_outcomes 唯一约束去重"},{"ancestorTitles":["P0: database-adapter-real — 实际数据库操作","4. 数据完整性"],"duration":1,"failureDetails":[],"failureMessages":[],"fullName":"P0: database-adapter-real — 实际数据库操作 4. 数据完整性 4.1 PRAGMA integrity_check","invocations":1,"location":null,"numPassingAsserts":1,"retryReasons":[],"status":"passed","title":"4.1 PRAGMA integrity_check"},{"ancestorTitles":["P0: database-adapter-real — 实际数据库操作","4. 数据完整性"],"duration":0,"failureDetails":[],"failureMessages":[],"fullName":"P0: database-adapter-real — 实际数据库操作 4. 数据完整性 4.2 index 数量 = 建表索引数","invocations":1,"location":null,"numPassingAsserts":2,"retryReasons":[],"status":"passed","title":"4.2 index 数量 = 建表索引数"},{"ancestorTitles":["P0: database-adapter-real — 实际数据库操作","4. 数据完整性"],"duration":2,"failureDetails":[],"failureMessages":[],"fullName":"P0: database-adapter-real — 实际数据库操作 4. 数据完整性 4.3 大数量批量写入","invocations":1,"location":null,"numPassingAsserts":1,"retryReasons":[],"status":"passed","title":"4.3 大数量批量写入"},{"ancestorTitles":["P0: database-adapter-real — 实际数据库操作","5. 类型与边界"],"duration":0,"failureDetails":[],"failureMessages":[],"fullName":"P0: database-adapter-real — 实际数据库操作 5. 类型与边界 5.1 NULL 字段插入","invocations":1,"location":null,"numPassingAsserts":3,"retryReasons":[],"status":"passed","title":"5.1 NULL 字段插入"},{"ancestorTitles":["P0: database-adapter-real — 实际数据库操作","5. 类型与边界"],"duration":0,"failureDetails":[],"failureMessages":[],"fullName":"P0: database-adapter-real — 实际数据库操作 5. 类型与边界 5.2 空字符串 vs NULL 区别","invocations":1,"location":null,"numPassingAsserts":2,"retryReasons":[],"status":"passed","title":"5.2 空字符串 vs NULL 区别"},{"ancestorTitles":["P0: database-adapter-real — 实际数据库操作","5. 类型与边界"],"duration":1,"failureDetails":[],"failureMessages":[],"fullName":"P0: database-adapter-real — 实际数据库操作 5. 类型与边界 5.3 INTEGER 类型插入非数字的失败","invocations":1,"location":null,"numPassingAsserts":2,"retryReasons":[],"status":"passed","title":"5.3 INTEGER 类型插入非数字的失败"},{"ancestorTitles":["P0: database-adapter-real — 实际数据库操作","5. 类型与边界"],"duration":0,"failureDetails":[],"failureMessages":[],"fullName":"P0: database-adapter-real — 实际数据库操作 5. 类型与边界 5.4 超长字符串存储","invocations":1,"location":null,"numPassingAsserts":2,"retryReasons":[],"status":"passed","title":"5.4 超长字符串存储"},{"ancestorTitles":["P0: database-adapter-real — 实际数据库操作","6. 事务"],"duration":1,"failureDetails":[],"failureMessages":[],"fullName":"P0: database-adapter-real — 实际数据库操作 6. 事务 6.1 事务提交 — 全部写入","invocations":1,"location":null,"numPassingAsserts":1,"retryReasons":[],"status":"passed","title":"6.1 事务提交 — 全部写入"},{"ancestorTitles":["P0: database-adapter-real — 实际数据库操作","6. 事务"],"duration":0,"failureDetails":[],"failureMessages":[],"fullName":"P0: database-adapter-real — 实际数据库操作 6. 事务 6.2 事务回滚 — 全部不写入","invocations":1,"location":null,"numPassingAsserts":1,"retryReasons":[],"status":"passed","title":"6.2 事务回滚 — 全部不写入"},{"ancestorTitles":["P0: database-adapter-real — 实际数据库操作","6. 事务"],"duration":1,"failureDetails":[],"failureMessages":[],"fullName":"P0: database-adapter-real — 实际数据库操作 6. 事务 6.3 事务嵌套回滚","invocations":1,"location":null,"numPassingAsserts":1,"retryReasons":[],"status":"passed","title":"6.3 事务嵌套回滚"},{"ancestorTitles":["P0: database-adapter-real — 实际数据库操作","7. jczq_basic_cache"],"duration":0,"failureDetails":[],"failureMessages":[],"fullName":"P0: database-adapter-real — 实际数据库操作 7. jczq_basic_cache 7.1 JSON 序列化往返","invocations":1,"location":null,"numPassingAsserts":2,"retryReasons":[],"status":"passed","title":"7.1 JSON 序列化往返"},{"ancestorTitles":["P0: database-adapter-real — 实际数据库操作","7. jczq_basic_cache"],"duration":1,"failureDetails":[],"failureMessages":[],"fullName":"P0: database-adapter-real — 实际数据库操作 7. jczq_basic_cache 7.2 日期+编号唯一约束","invocations":1,"location":null,"numPassingAsserts":1,"retryReasons":[],"status":"passed","title":"7.2 日期+编号唯一约束"}],"endTime":1781497922612,"message":"","name":"E:\\JC-ZJFA\\server\\tests\\database-adapter-real.test.js","startTime":1781497922560,"status":"passed","summary":""},{"assertionResults":[{"ancestorTitles":["allplays.json — 2026-06-04 数据完整性"],"duration":1,"failureDetails":[],"failureMessages":[],"fullName":"allplays.json — 2026-06-04 数据完整性 2026-06-04 日期键存在","invocations":1,"location":null,"numPassingAsserts":1,"retryReasons":[],"status":"passed","title":"2026-06-04 日期键存在"},{"ancestorTitles":["allplays.json — 2026-06-04 数据完整性"],"duration":0,"failureDetails":[],"failureMessages":[],"fullName":"allplays.json — 2026-06-04 数据完整性 包含至少 5 个场次（并包含周四203）","invocations":1,"location":null,"numPassingAsserts":2,"retryReasons":[],"status":"passed","title":"包含至少 5 个场次（并包含周四203）"},{"ancestorTitles":["allplays.json — 2026-06-04 数据完整性","周四203 — 特殊边界场景"],"duration":1,"failureDetails":[],"failureMessages":[],"fullName":"allplays.json — 2026-06-04 数据完整性 周四203 — 特殊边界场景 存在并含有所有玩法 key","invocations":1,"location":null,"numPassingAsserts":5,"retryReasons":[],"status":"passed","title":"存在并含有所有玩法 key"},{"ancestorTitles":["allplays.json — 2026-06-04 数据完整性","周四203 — 特殊边界场景"],"duration":0,"failureDetails":[],"failureMessages":[],"fullName":"allplays.json — 2026-06-04 数据完整性 周四203 — 特殊边界场景 SPF 为空/null（无胜平负赔率）","invocations":1,"location":null,"numPassingAsserts":1,"retryReasons":[],"status":"passed","title":"SPF 为空/null（无胜平负赔率）"},{"ancestorTitles":["allplays.json — 2026-06-04 数据完整性","周四203 — 特殊边界场景"],"duration":1,"failureDetails":[],"failureMessages":[],"fullName":"allplays.json — 2026-06-04 数据完整性 周四203 — 特殊边界场景 RQSPF 为 {home:2.21, draw:4.20, away:2.28}","invocations":1,"location":null,"numPassingAsserts":3,"retryReasons":[],"status":"passed","title":"RQSPF 为 {home:2.21, draw:4.20, away:2.28}"},{"ancestorTitles":["allplays.json — 2026-06-04 数据完整性","周四203 — 特殊边界场景"],"duration":0,"failureDetails":[],"failureMessages":[],"fullName":"allplays.json — 2026-06-04 数据完整性 周四203 — 特殊边界场景 让球数 = -3","invocations":1,"location":null,"numPassingAsserts":1,"retryReasons":[],"status":"passed","title":"让球数 = -3"},{"ancestorTitles":["allplays.json — 2026-06-04 数据完整性","周四203 — 特殊边界场景"],"duration":5,"failureDetails":[],"failureMessages":[],"fullName":"allplays.json — 2026-06-04 数据完整性 周四203 — 特殊边界场景 scores 包含 31 个比分（含胜其他/平其他/负其他）","invocations":1,"location":null,"numPassingAsserts":0,"retryReasons":[],"status":"passed","title":"scores 包含 31 个比分（含胜其他/平其他/负其他）"},{"ancestorTitles":["allplays.json — 2026-06-04 数据完整性","周四203 — 特殊边界场景"],"duration":0,"failureDetails":[],"failureMessages":[],"fullName":"allplays.json — 2026-06-04 数据完整性 周四203 — 特殊边界场景 totalGoals 包含 8 个进球档位（0~7+）","invocations":1,"location":null,"numPassingAsserts":3,"retryReasons":[],"status":"passed","title":"totalGoals 包含 8 个进球档位（0~7+）"},{"ancestorTitles":["allplays.json — 2026-06-04 数据完整性","周四203 — 特殊边界场景"],"duration":1,"failureDetails":[],"failureMessages":[],"fullName":"allplays.json — 2026-06-04 数据完整性 周四203 — 特殊边界场景 halfFull 包含 9 个半全场组合","invocations":1,"location":null,"numPassingAsserts":10,"retryReasons":[],"status":"passed","title":"halfFull 包含 9 个半全场组合"},{"ancestorTitles":["allplays.json — 2026-06-04 数据完整性","所有场次 — 玩法维度完整性"],"duration":null,"failureDetails":[],"failureMessages":[],"fullName":"allplays.json — 2026-06-04 数据完整性 所有场次 — 玩法维度完整性 周四201 数据不存在（跳过）","invocations":1,"location":null,"numPassingAsserts":0,"retryReasons":[],"status":"pending","title":"周四201 数据不存在（跳过）"},{"ancestorTitles":["allplays.json — 2026-06-04 数据完整性","所有场次 — 玩法维度完整性"],"duration":null,"failureDetails":[],"failureMessages":[],"fullName":"allplays.json — 2026-06-04 数据完整性 所有场次 — 玩法维度完整性 周四202 数据不存在（跳过）","invocations":1,"location":null,"numPassingAsserts":0,"retryReasons":[],"status":"pending","title":"周四202 数据不存在（跳过）"},{"ancestorTitles":["allplays.json — 2026-06-04 数据完整性","所有场次 — 玩法维度完整性"],"duration":0,"failureDetails":[],"failureMessages":[],"fullName":"allplays.json — 2026-06-04 数据完整性 所有场次 — 玩法维度完整性 周四203 有 scores（比分）","invocations":1,"location":null,"numPassingAsserts":0,"retryReasons":[],"status":"passed","title":"周四203 有 scores（比分）"},{"ancestorTitles":["allplays.json — 2026-06-04 数据完整性","所有场次 — 玩法维度完整性"],"duration":1,"failureDetails":[],"failureMessages":[],"fullName":"allplays.json — 2026-06-04 数据完整性 所有场次 — 玩法维度完整性 周四203 有 totalGoals（总进球）","invocations":1,"location":null,"numPassingAsserts":2,"retryReasons":[],"status":"passed","title":"周四203 有 totalGoals（总进球）"},{"ancestorTitles":["allplays.json — 2026-06-04 数据完整性","所有场次 — 玩法维度完整性"],"duration":0,"failureDetails":[],"failureMessages":[],"fullName":"allplays.json — 2026-06-04 数据完整性 所有场次 — 玩法维度完整性 周四203 有 halfFull（半全场）","invocations":1,"location":null,"numPassingAsserts":2,"retryReasons":[],"status":"passed","title":"周四203 有 halfFull（半全场）"},{"ancestorTitles":["allplays.json — 2026-06-04 数据完整性","所有场次 — 玩法维度完整性"],"duration":null,"failureDetails":[],"failureMessages":[],"fullName":"allplays.json — 2026-06-04 数据完整性 所有场次 — 玩法维度完整性 周四204 数据不存在（跳过）","invocations":1,"location":null,"numPassingAsserts":0,"retryReasons":[],"status":"pending","title":"周四204 数据不存在（跳过）"},{"ancestorTitles":["allplays.json — 2026-06-04 数据完整性","所有场次 — 玩法维度完整性"],"duration":null,"failureDetails":[],"failureMessages":[],"fullName":"allplays.json — 2026-06-04 数据完整性 所有场次 — 玩法维度完整性 周四205 数据不存在（跳过）","invocations":1,"location":null,"numPassingAsserts":0,"retryReasons":[],"status":"pending","title":"周四205 数据不存在（跳过）"},{"ancestorTitles":["allplays.json — 2026-06-04 数据完整性","赔率值合法性"],"duration":null,"failureDetails":[],"failureMessages":[],"fullName":"allplays.json — 2026-06-04 数据完整性 赔率值合法性 周四201 数据不存在（跳过）","invocations":1,"location":null,"numPassingAsserts":0,"retryReasons":[],"status":"pending","title":"周四201 数据不存在（跳过）"},{"ancestorTitles":["allplays.json — 2026-06-04 数据完整性","赔率值合法性"],"duration":null,"failureDetails":[],"failureMessages":[],"fullName":"allplays.json — 2026-06-04 数据完整性 赔率值合法性 周四202 数据不存在（跳过）","invocations":1,"location":null,"numPassingAsserts":0,"retryReasons":[],"status":"pending","title":"周四202 数据不存在（跳过）"},{"ancestorTitles":["allplays.json — 2026-06-04 数据完整性","赔率值合法性"],"duration":0,"failureDetails":[],"failureMessages":[],"fullName":"allplays.json — 2026-06-04 数据完整性 赔率值合法性 周四203 scores 所有赔率 > 1.0","invocations":1,"location":null,"numPassingAsserts":0,"retryReasons":[],"status":"passed","title":"周四203 scores 所有赔率 > 1.0"},{"ancestorTitles":["allplays.json — 2026-06-04 数据完整性","赔率值合法性"],"duration":0,"failureDetails":[],"failureMessages":[],"fullName":"allplays.json — 2026-06-04 数据完整性 赔率值合法性 周四203 totalGoals 所有赔率 > 1.0","invocations":1,"location":null,"numPassingAsserts":8,"retryReasons":[],"status":"passed","title":"周四203 totalGoals 所有赔率 > 1.0"},{"ancestorTitles":["allplays.json — 2026-06-04 数据完整性","赔率值合法性"],"duration":1,"failureDetails":[],"failureMessages":[],"fullName":"allplays.json — 2026-06-04 数据完整性 赔率值合法性 周四203 halfFull 所有赔率 > 1.0","invocations":1,"location":null,"numPassingAsserts":9,"retryReasons":[],"status":"passed","title":"周四203 halfFull 所有赔率 > 1.0"},{"ancestorTitles":["allplays.json — 2026-06-04 数据完整性","赔率值合法性"],"duration":null,"failureDetails":[],"failureMessages":[],"fullName":"allplays.json — 2026-06-04 数据完整性 赔率值合法性 周四204 数据不存在（跳过）","invocations":1,"location":null,"numPassingAsserts":0,"retryReasons":[],"status":"pending","title":"周四204 数据不存在（跳过）"},{"ancestorTitles":["allplays.json — 2026-06-04 数据完整性","赔率值合法性"],"duration":null,"failureDetails":[],"failureMessages":[],"fullName":"allplays.json — 2026-06-04 数据完整性 赔率值合法性 周四205 数据不存在（跳过）","invocations":1,"location":null,"numPassingAsserts":0,"retryReasons":[],"status":"pending","title":"周四205 数据不存在（跳过）"},{"ancestorTitles":["odds_history/2026-06-04.json — 数据完整性"],"duration":1,"failureDetails":[],"failureMessages":[],"fullName":"odds_history/2026-06-04.json — 数据完整性 文件存在并可解析","invocations":1,"location":null,"numPassingAsserts":3,"retryReasons":[],"status":"passed","title":"文件存在并可解析"},{"ancestorTitles":["odds_history/2026-06-04.json — 数据完整性"],"duration":0,"failureDetails":[],"failureMessages":[],"fullName":"odds_history/2026-06-04.json — 数据完整性 odds 对象包含至少 5 个场次","invocations":1,"location":null,"numPassingAsserts":1,"retryReasons":[],"status":"passed","title":"odds 对象包含至少 5 个场次"},{"ancestorTitles":["odds_history/2026-06-04.json — 数据完整性"],"duration":0,"failureDetails":[],"failureMessages":[],"fullName":"odds_history/2026-06-04.json — 数据完整性 周四203 spf=null, rqspf={2.21,4.20,2.28}","invocations":1,"location":null,"numPassingAsserts":5,"retryReasons":[],"status":"passed","title":"周四203 spf=null, rqspf={2.21,4.20,2.28}"},{"ancestorTitles":["odds_history/2026-06-04.json — 数据完整性"],"duration":0,"failureDetails":[],"failureMessages":[],"fullName":"odds_history/2026-06-04.json — 数据完整性 所有场次的 odds 条目结构一致","invocations":1,"location":null,"numPassingAsserts":5,"retryReasons":[],"status":"passed","title":"所有场次的 odds 条目结构一致"},{"ancestorTitles":["allplays.json — 全局结构"],"duration":0,"failureDetails":[],"failureMessages":[],"fullName":"allplays.json — 全局结构 包含 29+ 个日期（历史数据）","invocations":1,"location":null,"numPassingAsserts":1,"retryReasons":[],"status":"passed","title":"包含 29+ 个日期（历史数据）"},{"ancestorTitles":["allplays.json — 全局结构"],"duration":1,"failureDetails":[],"failureMessages":[],"fullName":"allplays.json — 全局结构 最新日期应为有效日期且不早于 2026-06-04","invocations":1,"location":null,"numPassingAsserts":2,"retryReasons":[],"status":"passed","title":"最新日期应为有效日期且不早于 2026-06-04"}],"endTime":1781497922673,"message":"","name":"E:\\JC-ZJFA\\server\\tests\\odds-data-integrity.test.js","startTime":1781497922616,"status":"focused","summary":""},{"assertionResults":[{"ancestorTitles":["health — deepCheck 冒烟测试"],"duration":598,"failureDetails":[],"failureMessages":[],"fullName":"health — deepCheck 冒烟测试 deepCheck 返回完整结构","invocations":1,"location":null,"numPassingAsserts":7,"retryReasons":[],"status":"passed","title":"deepCheck 返回完整结构"},{"ancestorTitles":["health — deepCheck 冒烟测试"],"duration":241,"failureDetails":[],"failureMessages":[],"fullName":"health — deepCheck 冒烟测试 checks 包含 memory 检查","invocations":1,"location":null,"numPassingAsserts":4,"retryReasons":[],"status":"passed","title":"checks 包含 memory 检查"},{"ancestorTitles":["health — deepCheck 冒烟测试"],"duration":214,"failureDetails":[],"failureMessages":[],"fullName":"health — deepCheck 冒烟测试 checks 包含 dataJson 检查","invocations":1,"location":null,"numPassingAsserts":2,"retryReasons":[],"status":"passed","title":"checks 包含 dataJson 检查"},{"ancestorTitles":["health — deepCheck 冒烟测试"],"duration":187,"failureDetails":[],"failureMessages":[],"fullName":"health — deepCheck 冒烟测试 check 状态为已知值","invocations":1,"location":null,"numPassingAsserts":8,"retryReasons":[],"status":"passed","title":"check 状态为已知值"},{"ancestorTitles":["health — deepCheck 冒烟测试"],"duration":204,"failureDetails":[],"failureMessages":[],"fullName":"health — deepCheck 冒烟测试 dataJson error → 综合状态 degraded","invocations":1,"location":null,"numPassingAsserts":0,"retryReasons":[],"status":"passed","title":"dataJson error → 综合状态 degraded"},{"ancestorTitles":["health — deepCheck 冒烟测试"],"duration":362,"failureDetails":[],"failureMessages":[],"fullName":"health — deepCheck 冒烟测试 连续调用不抛异常","invocations":1,"location":null,"numPassingAsserts":1,"retryReasons":[],"status":"passed","title":"连续调用不抛异常"}],"endTime":1781497922755,"message":"","name":"E:\\JC-ZJFA\\server\\tests\\health.test.js","startTime":1781497919257,"status":"passed","summary":""},{"assertionResults":[{"ancestorTitles":["gongshoudao/index — 模块加载"],"duration":1,"failureDetails":[],"failureMessages":[],"fullName":"gongshoudao/index — 模块加载 成功加载 index 模块","invocations":1,"location":null,"numPassingAsserts":1,"retryReasons":[],"status":"passed","title":"成功加载 index 模块"},{"ancestorTitles":["gongshoudao/index — 模块加载"],"duration":0,"failureDetails":[],"failureMessages":[],"fullName":"gongshoudao/index — 模块加载 导出 refreshCache","invocations":1,"location":null,"numPassingAsserts":1,"retryReasons":[],"status":"passed","title":"导出 refreshCache"},{"ancestorTitles":["gongshoudao/index — 模块加载"],"duration":0,"failureDetails":[],"failureMessages":[],"fullName":"gongshoudao/index — 模块加载 导出 computeAll","invocations":1,"location":null,"numPassingAsserts":1,"retryReasons":[],"status":"passed","title":"导出 computeAll"},{"ancestorTitles":["gongshoudao/index — 模块加载"],"duration":0,"failureDetails":[],"failureMessages":[],"fullName":"gongshoudao/index — 模块加载 导出 readCache","invocations":1,"location":null,"numPassingAsserts":1,"retryReasons":[],"status":"passed","title":"导出 readCache"},{"ancestorTitles":["gongshoudao/index — 模块加载"],"duration":1,"failureDetails":[],"failureMessages":[],"fullName":"gongshoudao/index — 模块加载 导出 computeSingleMatch","invocations":1,"location":null,"numPassingAsserts":1,"retryReasons":[],"status":"passed","title":"导出 computeSingleMatch"},{"ancestorTitles":["gongshoudao/index — 模块加载"],"duration":0,"failureDetails":[],"failureMessages":[],"fullName":"gongshoudao/index — 模块加载 导出 writeCache","invocations":1,"location":null,"numPassingAsserts":1,"retryReasons":[],"status":"passed","title":"导出 writeCache"},{"ancestorTitles":["gongshoudao/index — 模块加载"],"duration":0,"failureDetails":[],"failureMessages":[],"fullName":"gongshoudao/index — 模块加载 导出 getMatchResult","invocations":1,"location":null,"numPassingAsserts":1,"retryReasons":[],"status":"passed","title":"导出 getMatchResult"},{"ancestorTitles":["gongshoudao/index — 模块加载"],"duration":0,"failureDetails":[],"failureMessages":[],"fullName":"gongshoudao/index — 模块加载 导出 crossMatchAll","invocations":1,"location":null,"numPassingAsserts":1,"retryReasons":[],"status":"passed","title":"导出 crossMatchAll"},{"ancestorTitles":["gongshoudao/index — refreshCache"],"duration":348,"failureDetails":[],"failureMessages":[],"fullName":"gongshoudao/index — refreshCache refreshCache 返回 Promise","invocations":1,"location":null,"numPassingAsserts":1,"retryReasons":[],"status":"passed","title":"refreshCache 返回 Promise"},{"ancestorTitles":["gongshoudao/index — readCache"],"duration":1,"failureDetails":[],"failureMessages":[],"fullName":"gongshoudao/index — readCache readCache 返回对象（缓存文件存在则读、不存在则空对象）","invocations":1,"location":null,"numPassingAsserts":1,"retryReasons":[],"status":"passed","title":"readCache 返回对象（缓存文件存在则读、不存在则空对象）"},{"ancestorTitles":["gongshoudao/index — computeSingleMatch"],"duration":1,"failureDetails":[],"failureMessages":[],"fullName":"gongshoudao/index — computeSingleMatch 空 rawStats (null) → 返回 null","invocations":1,"location":null,"numPassingAsserts":1,"retryReasons":[],"status":"passed","title":"空 rawStats (null) → 返回 null"},{"ancestorTitles":["gongshoudao/index — computeSingleMatch"],"duration":0,"failureDetails":[],"failureMessages":[],"fullName":"gongshoudao/index — computeSingleMatch 空 rawStats (undefined) → 返回 null","invocations":1,"location":null,"numPassingAsserts":1,"retryReasons":[],"status":"passed","title":"空 rawStats (undefined) → 返回 null"},{"ancestorTitles":["gongshoudao/index — computeSingleMatch"],"duration":281,"failureDetails":[],"failureMessages":[],"fullName":"gongshoudao/index — computeSingleMatch 缺必要字段的 rawStats → 不抛异常","invocations":1,"location":null,"numPassingAsserts":1,"retryReasons":[],"status":"passed","title":"缺必要字段的 rawStats → 不抛异常"}],"endTime":1781497922776,"message":"","name":"E:\\JC-ZJFA\\server\\gongshoudao\\tests\\index.test.js","startTime":1781497922075,"status":"passed","summary":""},{"assertionResults":[{"ancestorTitles":["file-utils — atomicWrite"],"duration":7,"failureDetails":[{"matcherResult":{"actual":false,"expected":true,"message":"expect(received).toBe(expected) // Object.is equality\n\nExpected: true\nReceived: false","name":"toBe","pass":false}}],"failureMessages":["Error: expect(received).toBe(expected) // Object.is equality\n\nExpected: true\nReceived: false\n    at Object.toBe (E:\\JC-ZJFA\\server\\tests\\file-utils.test.js:31:20)\n    at Promise.then.completed (E:\\JC-ZJFA\\node_modules\\jest-circus\\build\\utils.js:298:28)\n    at new Promise (<anonymous>)\n    at callAsyncCircusFn (E:\\JC-ZJFA\\node_modules\\jest-circus\\build\\utils.js:231:10)\n    at _callCircusTest (E:\\JC-ZJFA\\node_modules\\jest-circus\\build\\run.js:316:40)\n    at processTicksAndRejections (node:internal/process/task_queues:103:5)\n    at _runTest (E:\\JC-ZJFA\\node_modules\\jest-circus\\build\\run.js:252:3)\n    at _runTestsForDescribeBlock (
[...]
etryReasons":[],"status":"passed","title":"G3. 未登录 → 401"},{"ancestorTitles":["edge-e2e: 边界与异常全覆盖","H. session 生命周期"],"duration":10,"failureDetails":[],"failureMessages":[],"fullName":"edge-e2e: 边界与异常全覆盖 H. session 生命周期 H1. 有效 token 返回完整 session","invocations":1,"location":null,"numPassingAsserts":4,"retryReasons":[],"status":"passed","title":"H1. 有效 token 返回完整 session"},{"ancestorTitles":["edge-e2e: 边界与异常全覆盖","H. session 生命周期"],"duration":8,"failureDetails":[],"failureMessages":[],"fullName":"edge-e2e: 边界与异常全覆盖 H. session 生命周期 H2. 伪造 token → 401","invocations":1,"location":null,"numPassingAsserts":1,"retryReasons":[],"status":"passed","title":"H2. 伪造 token → 401"},{"ancestorTitles":["edge-e2e: 边界与异常全覆盖","H. session 生命周期"],"duration":18,"failureDetails":[],"failureMessages":[],"fullName":"edge-e2e: 边界与异常全覆盖 H. session 生命周期 H3. 空 token → 401","invocations":1,"location":null,"numPassingAsserts":1,"retryReasons":[],"status":"passed","title":"H3. 空 token → 401"},{"ancestorTitles":["edge-e2e: 边界与异常全覆盖","H. session 生命周期"],"duration":8,"failureDetails":[],"failureMessages":[],"fullName":"edge-e2e: 边界与异常全覆盖 H. session 生命周期 H4. user-list 需登录","invocations":1,"location":null,"numPassingAsserts":1,"retryReasons":[],"status":"passed","title":"H4. user-list 需登录"},{"ancestorTitles":["edge-e2e: 边界与异常全覆盖","I. 管理员权限边界"],"duration":17,"failureDetails":[],"failureMessages":[],"fullName":"edge-e2e: 边界与异常全覆盖 I. 管理员权限边界 I1. super_admin ctyqq 能访问 admin-subscription-list","invocations":1,"location":null,"numPassingAsserts":1,"retryReasons":[],"status":"passed","title":"I1. super_admin ctyqq 能访问 admin-subscription-list"},{"ancestorTitles":["edge-e2e: 边界与异常全覆盖","I. 管理员权限边界"],"duration":19,"failureDetails":[],"failureMessages":[],"fullName":"edge-e2e: 边界与异常全覆盖 I. 管理员权限边界 I2. admin-referral-commissions 有分页","invocations":1,"location":null,"numPassingAsserts":2,"retryReasons":[],"status":"passed","title":"I2. admin-referral-commissions 有分页"},{"ancestorTitles":["edge-e2e: 边界与异常全覆盖","J. 全局健壮性"],"duration":4,"failureDetails":[],"failureMessages":[],"fullName":"edge-e2e: 边界与异常全覆盖 J. 全局健壮性 J1. 空 POST body → code≠1 不崩溃","invocations":1,"location":null,"numPassingAsserts":1,"retryReasons":[],"status":"passed","title":"J1. 空 POST body → code≠1 不崩溃"},{"ancestorTitles":["edge-e2e: 边界与异常全覆盖","J. 全局健壮性"],"duration":16,"failureDetails":[],"failureMessages":[],"fullName":"edge-e2e: 边界与异常全覆盖 J. 全局健壮性 J2. 纯数字 action → code≠1","invocations":1,"location":null,"numPassingAsserts":1,"retryReasons":[],"status":"passed","title":"J2. 纯数字 action → code≠1"},{"ancestorTitles":["edge-e2e: 边界与异常全覆盖","J. 全局健壮性"],"duration":2,"failureDetails":[],"failureMessages":[],"fullName":"edge-e2e: 边界与异常全覆盖 J. 全局健壮性 J3. action 为对象 → code≠1","invocations":1,"location":null,"numPassingAsserts":1,"retryReasons":[],"status":"passed","title":"J3. action 为对象 → code≠1"},{"ancestorTitles":["edge-e2e: 边界与异常全覆盖","J. 全局健壮性"],"duration":4,"failureDetails":[],"failureMessages":[],"fullName":"edge-e2e: 边界与异常全覆盖 J. 全局健壮性 J4. 超大 data (1MB) → 不应崩溃","invocations":1,"location":null,"numPassingAsserts":1,"retryReasons":[],"status":"passed","title":"J4. 超大 data (1MB) → 不应崩溃"},{"ancestorTitles":["edge-e2e: 边界与异常全覆盖","J. 全局健壮性"],"duration":1,"failureDetails":[],"failureMessages":[],"fullName":"edge-e2e: 边界与异常全覆盖 J. 全局健壮性 J5. CORS 响应头存在","invocations":1,"location":null,"numPassingAsserts":1,"retryReasons":[],"status":"passed","title":"J5. CORS 响应头存在"},{"ancestorTitles":["edge-e2e: 边界与异常全覆盖","J. 全局健壮性"],"duration":4,"failureDetails":[],"failureMessages":[],"fullName":"edge-e2e: 边界与异常全覆盖 J. 全局健壮性 J6. 健康检查 /api 正常工作","invocations":1,"location":null,"numPassingAsserts":1,"retryReasons":[],"status":"passed","title":"J6. 健康检查 /api 正常工作"},{"ancestorTitles":["edge-e2e: 边界与异常全覆盖","J. 全局健壮性"],"duration":3,"failureDetails":[],"failureMessages":[],"fullName":"edge-e2e: 边界与异常全覆盖 J. 全局健壮性 J7. 成功响应不包含错误字段","invocations":1,"location":null,"numPassingAsserts":3,"retryReasons":[],"status":"passed","title":"J7. 成功响应不包含错误字段"},{"ancestorTitles":["edge-e2e: 边界与异常全覆盖","J. 全局健壮性"],"duration":2,"failureDetails":[],"failureMessages":[],"fullName":"edge-e2e: 边界与异常全覆盖 J. 全局健壮性 J8. 错误响应不包含 data 敏感字段","invocations":1,"location":null,"numPassingAsserts":2,"retryReasons":[],"status":"passed","title":"J8. 错误响应不包含 data 敏感字段"}],"endTime":1781497928436,"message":"  ● edge-e2e: 边界与异常全覆盖 › G. subscription-status 边界 › G1. ctyqq 会员 status + plan_code + days 完备\n\n    expect(received).toBe(expected) // Object.is equality\n\n    Expected: \"quarterly\"\n    Received: \"vip_gift_15d\"\n\n    \u001b[0m \u001b[90m 350 |\u001b[39m       expectOk(r)\u001b[33m;\u001b[39m\n     \u001b[90m 351 |\u001b[39m       expect(r\u001b[33m.\u001b[39mdata\u001b[33m.\u001b[39mstatus)\u001b[33m.\u001b[39mtoBe(\u001b[32m'active'\u001b[39m)\u001b[33m;\u001b[39m\n    \u001b[31m\u001b[1m>\u001b[22m\u001b[39m\u001b[90m 352 |\u001b[39m       expect(r\u001b[33m.\u001b[39mdata\u001b[33m.\u001b[39mplan_code)\u001b[33m.\u001b[39mtoBe(\u001b[32m'quarterly'\u001b[39m)\u001b[33m;\u001b[39m\n     \u001b[90m     |\u001b[39m                                \u001b[31m\u001b[1m^\u001b[22m\u001b[39m\n     \u001b[90m 353 |\u001b[39m       expect(r\u001b[33m.\u001b[39mdata\u001b[33m.\u001b[39mremaining_days)\u001b[33m.\u001b[39mtoBeGreaterThan(\u001b[35m0\u001b[39m)\u001b[33m;\u001b[39m\n     \u001b[90m 354 |\u001b[39m       expect(r\u001b[33m.\u001b[39mdata\u001b[33m.\u001b[39mremaining_days)\u001b[33m.\u001b[39mtoBeLessThanOrEqual(\u001b[35m92\u001b[39m)\u001b[33m;\u001b[39m\n     \u001b[90m 355 |\u001b[39m       expect([\u001b[36mtrue\u001b[39m\u001b[33m,\u001b[39m \u001b[36mfalse\u001b[39m])\u001b[33m.\u001b[39mtoContain(r\u001b[33m.\u001b[39mdata\u001b[33m.\u001b[39mauto_renew)\u001b[33m;\u001b[39m\u001b[0m\n\n      at Object.toBe (server/tests/referral-e2e-edge.test.js:352:32)\n","name":"E:\\JC-ZJFA\\server\\tests\\referral-e2e-edge.test.js","startTime":1781497919236,"status":"failed","summary":""},{"assertionResults":[{"ancestorTitles":["plan-strict: 超严格方案设计 + 分享数据验证","A. 数据一致性"],"duration":796,"failureDetails":[],"failureMessages":[],"fullName":"plan-strict: 超严格方案设计 + 分享数据验证 A. 数据一致性 A1. 保存后 matchCount 应等于 matches.length","invocations":1,"location":null,"numPassingAsserts":4,"retryReasons":[],"status":"passed","title":"A1. 保存后 matchCount 应等于 matches.length"},{"ancestorTitles":["plan-strict: 超严格方案设计 + 分享数据验证","A. 数据一致性"],"duration":254,"failureDetails":[],"failureMessages":[],"fullName":"plan-strict: 超严格方案设计 + 分享数据验证 A. 数据一致性 A2. plan.id 不可重复","invocations":1,"location":null,"numPassingAsserts":1,"retryReasons":[],"status":"passed","title":"A2. plan.id 不可重复"},{"ancestorTitles":["plan-strict: 超严格方案设计 + 分享数据验证","A. 数据一致性"],"duration":292,"failureDetails":[],"failureMessages":[],"fullName":"plan-strict: 超严格方案设计 + 分享数据验证 A. 数据一致性 A3. plans 按 updatedAt 倒序排列","invocations":1,"location":null,"numPassingAsserts":1,"retryReasons":[],"status":"passed","title":"A3. plans 按 updatedAt 倒序排列"},{"ancestorTitles":["plan-strict: 超严格方案设计 + 分享数据验证","B. 边界值"],"duration":25,"failureDetails":[],"failureMessages":[],"fullName":"plan-strict: 超严格方案设计 + 分享数据验证 B. 边界值 B1. amount=0 可接受","invocations":1,"location":null,"numPassingAsserts":1,"retryReasons":[],"status":"passed","title":"B1. amount=0 可接受"},{"ancestorTitles":["plan-strict: 超严格方案设计 + 分享数据验证","B. 边界值"],"duration":55,"failureDetails":[],"failureMessages":[],"fullName":"plan-strict: 超严格方案设计 + 分享数据验证 B. 边界值 B2. amount=99999 可接受","invocations":1,"location":null,"numPassingAsserts":1,"retryReasons":[],"status":"passed","title":"B2. amount=99999 可接受"},{"ancestorTitles":["plan-strict: 超严格方案设计 + 分享数据验证","B. 边界值"],"duration":61,"failureDetails":[],"failureMessages":[],"fullName":"plan-strict: 超严格方案设计 + 分享数据验证 B. 边界值 B3. odds=0.01 超低赔率可接受","invocations":1,"location":null,"numPassingAsserts":1,"retryReasons":[],"status":"passed","title":"B3. odds=0.01 超低赔率可接受"},{"ancestorTitles":["plan-strict: 超严格方案设计 + 分享数据验证","B. 边界值"],"duration":53,"failureDetails":[],"failureMessages":[],"fullName":"plan-strict: 超严格方案设计 + 分享数据验证 B. 边界值 B4. odds=999 超高赔率可接受","invocations":1,"location":null,"numPassingAsserts":1,"retryReasons":[],"status":"passed","title":"B4. odds=999 超高赔率可接受"},{"ancestorTitles":["plan-strict: 超严格方案设计 + 分享数据验证","B. 边界值"],"duration":89,"failureDetails":[],"failureMessages":[],"fullName":"plan-strict: 超严格方案设计 + 分享数据验证 B. 边界值 B5. 6场串关 (passTypes=[6]) 可接受","invocations":1,"location":null,"numPassingAsserts":1,"retryReasons":[],"status":"passed","title":"B5. 6场串关 (passTypes=[6]) 可接受"},{"ancestorTitles":["plan-strict: 超严格方案设计 + 分享数据验证","C. 分享卡片数据完整性"],"duration":1,"failureDetails":[],"failureMessages":[],"fullName":"plan-strict: 超严格方案设计 + 分享数据验证 C. 分享卡片数据完整性 C1. planName / note 可生成分享标题","invocations":1,"location":null,"numPassingAsserts":2,"retryReasons":[],"status":"passed","title":"C1. planName / note 可生成分享标题"},{"ancestorTitles":["plan-strict: 超严格方案设计 + 分享数据验证","C. 分享卡片数据完整性"],"duration":0,"failureDetails":[],"failureMessages":[],"fullName":"plan-strict: 超严格方案设计 + 分享数据验证 C. 分享卡片数据完整性 C2. 场次数 = matchCount","invocations":1,"location":null,"numPassingAsserts":1,"retryReasons":[],"status":"passed","title":"C2. 场次数 = matchCount"},{"ancestorTitles":["plan-strict: 超严格方案设计 + 分享数据验证","C. 分享卡片数据完整性"],"duration":1,"failureDetails":[],"failureMessages":[],"fullName":"plan-strict: 超严格方案设计 + 分享数据验证 C. 分享卡片数据完整性 C3. 每场比赛含完整字段","invocations":1,"location":null,"numPassingAsserts":12,"retryReasons":[],"status":"passed","title":"C3. 每场比赛含完整字段"},{"ancestorTitles":["plan-strict: 超严格方案设计 + 分享数据验证","C. 分享卡片数据完整性"],"duration":0,"failureDetails":[],"failureMessages":[],"fullName":"plan-strict: 超严格方案设计 + 分享数据验证 C. 分享卡片数据完整性 C4. 方案金额=200","invocations":1,"location":null,"numPassingAsserts":1,"retryReasons":[],"status":"passed","title":"C4. 方案金额=200"},{"ancestorTitles":["plan-strict: 超严格方案设计 + 分享数据验证","C. 分享卡片数据完整性"],"duration":0,"failureDetails":[],"failureMessages":[],"fullName":"plan-strict: 超严格方案设计 + 分享数据验证 C. 分享卡片数据完整性 C5. betCount 和 amount 字段有效","invocations":1,"location":null,"numPassingAsserts":2,"retryReasons":[],"status":"passed","title":"C5. betCount 和 amount 字段有效"},{"ancestorTitles":["plan-strict: 超严格方案设计 + 分享数据验证","C. 分享卡片数据完整性"],"duration":0,"failureDetails":[],"failureMessages":[],"fullName":"plan-strict: 超严格方案设计 + 分享数据验证 C. 分享卡片数据完整性 C6. 预计奖金 ≈ amount × Σ odds (近似)","invocations":1,"location":null,"numPassingAsserts":0,"retryReasons":[],"status":"passed","title":"C6. 预计奖金 ≈ amount × Σ odds (近似)"},{"ancestorTitles":["plan-strict: 超严格方案设计 + 分享数据验证","C. 分享卡片数据完整性"],"duration":0,"failureDetails":[],"failureMessages":[],"fullName":"plan-strict: 超严格方案设计 + 分享数据验证 C. 分享卡片数据完整性 C7. 玩法类型在分享中可见","invocations":1,"location":null,"numPassingAsserts":1,"retryReasons":[],"status":"passed","title":"C7. 玩法类型在分享中可见"},{"ancestorTitles":["plan-strict: 超严格方案设计 + 分享数据验证","D. 开奖逻辑"],"duration":210,"failureDetails":[],"failureMessages":[],"fullName":"plan-strict: 超严格方案设计 + 分享数据验证 D. 开奖逻辑 D1. 未开奖方案 isWon=null","invocations":1,"location":null,"numPassingAsserts":1,"retryReasons":[],"status":"passed","title":"D1. 未开奖方案 isWon=null"},{"ancestorTitles":["plan-strict: 超严格方案设计 + 分享数据验证","D. 开奖逻辑"],"duration":120,"failureDetails":[],"failureMessages":[],"fullName":"plan-strict: 超严格方案设计 + 分享数据验证 D. 开奖逻辑 D2. 已开奖方案有 resultIncome","invocations":1,"location":null,"numPassingAsserts":0,"retryReasons":[],"status":"passed","title":"D2. 已开奖方案有 resultIncome"},{"ancestorTitles":["plan-strict: 超严格方案设计 + 分享数据验证","D. 开奖逻辑"],"duration":435,"failureDetails":[],"failureMessages":[],"fullName":"plan-strict: 超严格方案设计 + 分享数据验证 D. 开奖逻辑 D3. isWon 只能是 null/true/false","invocations":1,"location":null,"numPassingAsserts":11,"retryReasons":[],"status":"passed","title":"D3. isWon 只能是 null/true/false"},{"ancestorTitles":["plan-strict: 超严格方案设计 + 分享数据验证","D. 开奖逻辑"],"duration":507,"failureDetails":[],"failureMessages":[],"fullName":"plan-strict: 超严格方案设计 + 分享数据验证 D. 开奖逻辑 D4. stats.hitRate 在 0-100 之间","invocations":1,"location":null,"numPassingAsserts":3,"retryReasons":[],"status":"passed","title":"D4. stats.hitRate 在 0-100 之间"},{"ancestorTitles":["plan-strict: 超严格方案设计 + 分享数据验证","E. 方案更新"],"duration":270,"failureDetails":[],"failureMessages":[],"fullName":"plan-strict: 超严格方案设计 + 分享数据验证 E. 方案更新 E1. 首次保存后 updatedAt = createdAt","invocations":1,"location":null,"numPassingAsserts":1,"retryReasons":[],"status":"passed","title":"E1. 首次保存后 updatedAt = createdAt"},{"ancestorTitles":["plan-strict: 超严格方案设计 + 分享数据验证","E. 方案更新"],"duration":465,"failureDetails":[],"failureMessages":[],"fullName":"plan-strict: 超严格方案设计 + 分享数据验证 E. 方案更新 E2. 同 id 再次保存更新方案","invocations":1,"location":null,"numPassingAsserts":3,"retryReasons":[],"status":"passed","title":"E2. 同 id 再次保存更新方案"},{"ancestorTitles":["plan-strict: 超严格方案设计 + 分享数据验证","F. 删除边界"],"duration":1960,"failureDetails":[],"failureMessages":[],"fullName":"plan-strict: 超严格方案设计 + 分享数据验证 F. 删除边界 F1. 删除不存在的 id 不会崩溃","invocations":1,"location":null,"numPassingAsserts":1,"retryReasons":[],"status":"passed","title":"F1. 删除不存在的 id 不会崩溃"},{"ancestorTitles":["plan-strict: 超严格方案设计 + 分享数据验证","F. 删除边界"],"duration":31,"failureDetails":[],"failureMessages":[],"fullName":"plan-strict: 超严格方案设计 + 分享数据验证 F. 删除边界 F2. 空 planId 返回 code=1","invocations":1,"location":null,"numPassingAsserts":1,"retryReasons":[],"status":"passed","title":"F2. 空 planId 返回 code=1"},{"ancestorTitles":["plan-strict: 超严格方案设计 + 分享数据验证","F. 删除边界"],"duration":277,"failureDetails":[],"failureMessages":[],"fullName":"plan-strict: 超严格方案设计 + 分享数据验证 F. 删除边界 F3. stats.count 随删除递减","invocations":1,"location":null,"numPassingAsserts":2,"retryReasons":[],"status":"passed","title":"F3. stats.count 随删除递减"},{"ancestorTitles":["plan-strict: 超严格方案设计 + 分享数据验证","F. 删除边界"],"duration":185,"failureDetails":[],"failureMessages":[],"fullName":"plan-strict: 超严格方案设计 + 分享数据验证 F. 删除边界 F4. 删除所有用户方案后 plans=[], count=0","invocations":1,"location":null,"numPassingAsserts":4,"retryReasons":[],"status":"passed","title":"F4. 删除所有用户方案后 plans=[], count=0"},{"ancestorTitles":["plan-strict: 超严格方案设计 + 分享数据验证","G. 并发与幂等"],"duration":74,"failureDetails":[],"failureMessages":[],"fullName":"plan-strict: 超严格方案设计 + 分享数据验证 G. 并发与幂等 G1. 同 id 并发保存不丢数据","invocations":1,"location":null,"numPassingAsserts":4,"retryReasons":[],"status":"passed","title":"G1. 同 id 并发保存不丢数据"},{"ancestorTitles":["plan-strict: 超严格方案设计 + 分享数据验证","G. 并发与幂等"],"duration":51,"failureDetails":[],"failureMessages":[],"fullName":"plan-strict: 超严格方案设计 + 分享数据验证 G. 并发与幂等 G2. 并发新建多个方案 count 正确","invocations":1,"location":null,"numPassingAsserts":4,"retryReasons":[],"status":"passed","title":"G2. 并发新建多个方案 count 正确"},{"ancestorTitles":["plan-strict: 超严格方案设计 + 分享数据验证","H. 安全边界"],"duration":24,"failureDetails":[],"failureMessages":[],"fullName":"plan-strict: 超严格方案设计 + 分享数据验证 H. 安全边界 H1. planId 含路径穿越字符 → 不崩溃","invocations":1,"location":null,"numPassingAsserts":2,"retryReasons":[],"status":"passed","title":"H1. planId 含路径穿越字符 → 不崩溃"},{"ancestorTitles":["plan-strict: 超严格方案设计 + 分享数据验证","H. 安全边界"],"duration":3,"failureDetails":[],"failureMessages":[],"fullName":"plan-strict: 超严格方案设计 + 分享数据验证 H. 安全边界 H2. matches 为空数组 → code=0","invocations":1,"location":null,"numPassingAsserts":1,"retryReasons":[],"status":"passed","title":"H2. matches 为空数组 → code=0"},{"ancestorTitles":["plan-strict: 超严格方案设计 + 分享数据验证","H. 安全边界"],"duration":2,"failureDetails":[],"failureMessages":[],"fullName":"plan-strict: 超严格方案设计 + 分享数据验证 H. 安全边界 H3. plan 为 null → 不应崩溃","invocations":1,"location":null,"numPassingAsserts":1,"retryReasons":[],"status":"passed","title":"H3. plan 为 null → 不应崩溃"}],"endTime":1781497928442,"message":"","name":"E:\\JC-ZJFA\\server\\tests\\plan-design-strict.test.js","startTime":1781497919261,"status":"passed","summary":""},{"assertionResults":[{"ancestorTitles":["referral-renewal: 阶梯返利 (1次50% / 2次55% / 3次+60%)"],"duration":87,"failureDetails":[],"failureMessages":[],"fullName":"referral-renewal: 阶梯返利 (1次50% / 2次55% / 3次+60%) 记录初始返利快照","invocations":1,"location":null,"numPassingAsserts":1,"retryReasons":[],"status":"passed","title":"记录初始返利快照"},{"ancestorTitles":["referral-renewal: 阶梯返利 (1次50% / 2次55% / 3次+60%)"],"duration":1516,"failureDetails":[],"failureMessages":[],"fullName":"referral-renewal: 阶梯返利 (1次50% / 2次55% / 3次+60%) 第 1 次续费: 返利比率应 = 50%","invocations":1,"location":null,"numPassingAsserts":2,"retryReasons":[],"status":"passed","title":"第 1 次续费: 返利比率应 = 50%"},{"ancestorTitles":["referral-renewal: 阶梯返利 (1次50% / 2次55% / 3次+60%)"],"duration":1744,"failureDetails":[],"failureMessages":[],"fullName":"referral-renewal: 阶梯返利 (1次50% / 2次55% / 3次+60%) 第 2 次续费: 返利比率应 = 55%","invocations":1,"location":null,"numPassingAsserts":2,"retryReasons":[],"status":"passed","title":"第 2 次续费: 返利比率应 = 55%"},{"ancestorTitles":["referral-renewal: 阶梯返利 (1次50% / 2次55% / 3次+60%)"],"duration":3259,"failureDetails":[],"failureMessages":[],"fullName":"referral-renewal: 阶梯返利 (1次50% / 2次55% / 3次+60%) 第 3 次续费: 返利比率应 = 60%","invocations":1,"location":null,"numPassingAsserts":2,"retryReasons":[],"status":"passed","title":"第 3 次续费: 返利比率应 = 60%"},{"ancestorTitles":["referral-renewal: 阶梯返利 (1次50% / 2次55% / 3次+60%)"],"duration":1139,"failureDetails":[],"failureMessages":[],"fullName":"referral-renewal: 阶梯返利 (1次50% / 2次55% / 3次+60%) 第 4 次续费: 返利比率应保持 60% (天花板)","invocations":1,"location":null,"numPassingAsserts":2,"retryReasons":[],"status":"passed","title":"第 4 次续费: 返利比率应保持 60% (天花板)"},{"ancestorTitles":["referral-renewal: 阶梯返利 (1次50% / 2次55% / 3次+60%)"],"duration":51,"failureDetails":[],"failureMessages":[],"fullName":"referral-renewal: 阶梯返利 (1次50% / 2次55% / 3次+60%) 汇总验证: 返利总额 = Σ各次返利 + 余额一致","invocations":1,"location":null,"numPassingAsserts":3,"retryReasons":[],"status":"passed","title":"汇总验证: 返利总额 = Σ各次返利 + 余额一致"}],"endTime":1781497930080,"message":"","name":"E:\\JC-ZJFA\\server\\tests\\referral-multi-renewal.test.js","startTime":1781497919266,"status":"passed","summary":""},{"assertionResults":[{"ancestorTitles":["cache-warmer — warmUp 基础流程"],"duration":8215,"failureDetails":[],"failureMessages":[],"fullName":"cache-warmer — warmUp 基础流程 warmUp 返回统计对象","invocations":1,"location":null,"numPassingAsserts":5,"retryReasons":[],"status":"passed","title":"warmUp 返回统计对象"},{"ancestorTitles":["cache-warmer — warmUp 基础流程"],"duration":2174,"failureDetails":[],"failureMessages":[],"fullName":"cache-warmer — warmUp 基础流程 warmUp 尝试 6 步预热（可能有文件不存在的错误）","invocations":1,"location":null,"numPassingAsserts":1,"retryReasons":[],"status":"passed","title":"warmUp 尝试 6 步预热（可能有文件不存在的错误）"},{"ancestorTitles":["cache-warmer — warmUp 基础流程"],"duration":5969,"failureDetails":[],"failureMessages":[],"fullName":"cache-warmer — warmUp 基础流程 自定义 log 函数被调用","invocations":1,"location":null,"numPassingAsserts":1,"retryReasons":[],"status":"passed","title":"自定义 log 函数被调用"},{"ancestorTitles":["cache-warmer — warmUp 基础流程"],"duration":10026,"failureDetails":[],"failureMessages":[],"fullName":"cache-warmer — warmUp 基础流程 files 对象包含 6 个缓存文件","invocations":1,"location":null,"numPassingAsserts":6,"retryReasons":[],"status":"passed","title":"files 对象包含 6 个缓存文件"},{"ancestorTitles":["cache-warmer — warmUp 基础流程"],"duration":581,"failureDetails":[],"failureMessages":[],"fullName":"cache-warmer — warmUp 基础流程 每个文件结果有 ok 状态","invocations":1,"location":null,"numPassingAsserts":12,"retryReasons":[],"status":"passed","title":"每个文件结果有 ok 状态"},{"ancestorTitles":["cache-warmer — warmUp 基础流程"],"duration":8792,"failureDetails":[],"failureMessages":[],"fullName":"cache-warmer — warmUp 基础流程 连续调用不抛异常","invocations":1,"location":null,"numPassingAsserts":2,"retryReasons":[],"status":"passed","title":"连续调用不抛异常"},{"ancestorTitles":["cache-warmer — warmUp 基础流程"],"duration":950,"failureDetails":[],"failureMessages":[],"fullName":"cache-warmer — warmUp 基础流程 无参数调用使用默认 log","invocations":1,"location":null,"numPassingAsserts":1,"retryReasons":[],"status":"passed","title":"无参数调用使用默认 log"}],"endTime":1781497957699,"message":"","name":"E:\\JC-ZJFA\\server\\tests\\cache-warmer.test.js","startTime":1781497919259,"status":"passed","summary":""}],"wasInterrupted":false}
